{"/home/travis/build/npmtest/node-npmtest-should/test.js":{"path":"/home/travis/build/npmtest/node-npmtest-should/test.js","s":{"1":2,"2":2,"3":2,"4":2,"5":2,"6":2,"7":2,"8":1,"9":2,"10":2,"11":1,"12":1,"13":1,"14":1,"15":2,"16":2,"17":2,"18":2,"19":1,"20":1,"21":2,"22":2,"23":2,"24":1,"25":1,"26":1,"27":1,"28":1,"29":1,"30":1,"31":1,"32":1,"33":1,"34":1,"35":1,"36":2,"37":2,"38":1,"39":2,"40":2,"41":1,"42":2,"43":2,"44":1,"45":1,"46":1,"47":1,"48":1},"b":{"1":[2,1,1,1],"2":[1,1,1,1],"3":[1,1],"4":[1,1],"5":[1,1],"6":[1,1],"7":[1,1],"8":[1,1],"9":[1,1,1],"10":[1,1],"11":[1,1],"12":[1,1],"13":[1,1],"14":[1,1],"15":[1,1]},"f":{"1":2,"2":2,"3":2,"4":2,"5":2,"6":1,"7":1,"8":2,"9":2,"10":2,"11":1},"fnMap":{"1":{"name":"(anonymous_1)","line":12,"loc":{"start":{"line":12,"column":1},"end":{"line":12,"column":13}}},"2":{"name":"(anonymous_2)","line":19,"loc":{"start":{"line":19,"column":5},"end":{"line":19,"column":17}}},"3":{"name":"(anonymous_3)","line":23,"loc":{"start":{"line":23,"column":24},"end":{"line":23,"column":36}}},"4":{"name":"(anonymous_4)","line":61,"loc":{"start":{"line":61,"column":5},"end":{"line":61,"column":17}}},"5":{"name":"(anonymous_5)","line":82,"loc":{"start":{"line":82,"column":5},"end":{"line":82,"column":17}}},"6":{"name":"(anonymous_6)","line":102,"loc":{"start":{"line":102,"column":83},"end":{"line":105,"column":10}},"skip":true},"7":{"name":"(anonymous_7)","line":113,"loc":{"start":{"line":113,"column":77},"end":{"line":116,"column":10}},"skip":true},"8":{"name":"(anonymous_8)","line":127,"loc":{"start":{"line":127,"column":77},"end":{"line":130,"column":10}},"skip":true},"9":{"name":"(anonymous_9)","line":138,"loc":{"start":{"line":138,"column":83},"end":{"line":141,"column":10}},"skip":true},"10":{"name":"(anonymous_10)","line":149,"loc":{"start":{"line":149,"column":79},"end":{"line":152,"column":10}},"skip":true},"11":{"name":"(anonymous_11)","line":160,"loc":{"start":{"line":160,"column":75},"end":{"line":163,"column":10}},"skip":true}},"statementMap":{"1":{"start":{"line":12,"column":0},"end":{"line":175,"column":5}},"2":{"start":{"line":14,"column":4},"end":{"line":14,"column":14}},"3":{"start":{"line":19,"column":4},"end":{"line":56,"column":9}},"4":{"start":{"line":21,"column":8},"end":{"line":21,"column":19}},"5":{"start":{"line":23,"column":8},"end":{"line":35,"column":13}},"6":{"start":{"line":24,"column":12},"end":{"line":34,"column":13}},"7":{"start":{"line":25,"column":16},"end":{"line":28,"column":30}},"8":{"start":{"line":30,"column":16},"end":{"line":33,"column":27}},"9":{"start":{"line":37,"column":8},"end":{"line":39,"column":21}},"10":{"start":{"line":40,"column":8},"end":{"line":53,"column":9}},"11":{"start":{"line":43,"column":12},"end":{"line":46,"column":14}},"12":{"start":{"line":47,"column":12},"end":{"line":47,"column":18}},"13":{"start":{"line":50,"column":12},"end":{"line":51,"column":46}},"14":{"start":{"line":52,"column":12},"end":{"line":52,"column":18}},"15":{"start":{"line":55,"column":8},"end":{"line":55,"column":35}},"16":{"start":{"line":61,"column":4},"end":{"line":63,"column":9}},"17":{"start":{"line":62,"column":8},"end":{"line":62,"column":15}},"18":{"start":{"line":64,"column":4},"end":{"line":77,"column":5}},"19":{"start":{"line":70,"column":8},"end":{"line":70,"column":14}},"20":{"start":{"line":76,"column":8},"end":{"line":76,"column":14}},"21":{"start":{"line":82,"column":4},"end":{"line":84,"column":9}},"22":{"start":{"line":83,"column":8},"end":{"line":83,"column":15}},"23":{"start":{"line":85,"column":4},"end":{"line":174,"column":5}},"24":{"start":{"line":92,"column":8},"end":{"line":94,"column":63}},"25":{"start":{"line":95,"column":8},"end":{"line":95,"column":14}},"26":{"start":{"line":102,"column":8},"end":{"line":111,"column":10},"skip":true},"27":{"start":{"line":109,"column":12},"end":{"line":109,"column":55},"skip":true},"28":{"start":{"line":110,"column":12},"end":{"line":110,"column":48},"skip":true},"29":{"start":{"line":113,"column":8},"end":{"line":125,"column":10},"skip":true},"30":{"start":{"line":120,"column":12},"end":{"line":120,"column":76},"skip":true},"31":{"start":{"line":121,"column":12},"end":{"line":121,"column":73},"skip":true},"32":{"start":{"line":122,"column":12},"end":{"line":122,"column":74},"skip":true},"33":{"start":{"line":123,"column":12},"end":{"line":123,"column":25},"skip":true},"34":{"start":{"line":124,"column":12},"end":{"line":124,"column":45},"skip":true},"35":{"start":{"line":127,"column":8},"end":{"line":136,"column":10},"skip":true},"36":{"start":{"line":134,"column":12},"end":{"line":134,"column":25},"skip":true},"37":{"start":{"line":135,"column":12},"end":{"line":135,"column":45},"skip":true},"38":{"start":{"line":138,"column":8},"end":{"line":147,"column":10},"skip":true},"39":{"start":{"line":145,"column":12},"end":{"line":145,"column":25},"skip":true},"40":{"start":{"line":146,"column":12},"end":{"line":146,"column":48},"skip":true},"41":{"start":{"line":149,"column":8},"end":{"line":158,"column":10},"skip":true},"42":{"start":{"line":156,"column":12},"end":{"line":156,"column":25},"skip":true},"43":{"start":{"line":157,"column":12},"end":{"line":157,"column":46},"skip":true},"44":{"start":{"line":160,"column":8},"end":{"line":169,"column":10},"skip":true},"45":{"start":{"line":167,"column":12},"end":{"line":167,"column":94},"skip":true},"46":{"start":{"line":168,"column":12},"end":{"line":168,"column":48},"skip":true},"47":{"start":{"line":172,"column":8},"end":{"line":172,"column":35},"skip":true},"48":{"start":{"line":173,"column":8},"end":{"line":173,"column":14},"skip":true}},"branchMap":{"1":{"line":25,"type":"binary-expr","locations":[{"start":{"line":25,"column":23},"end":{"line":25,"column":62}},{"start":{"line":26,"column":20},"end":{"line":26,"column":70}},{"start":{"line":27,"column":20},"end":{"line":27,"column":71}},{"start":{"line":28,"column":20},"end":{"line":28,"column":29}}]},"2":{"line":30,"type":"binary-expr","locations":[{"start":{"line":30,"column":23},"end":{"line":30,"column":37}},{"start":{"line":31,"column":20},"end":{"line":31,"column":61}},{"start":{"line":32,"column":20},"end":{"line":32,"column":70}},{"start":{"line":33,"column":20},"end":{"line":33,"column":26}}]},"3":{"line":37,"type":"cond-expr","locations":[{"start":{"line":38,"column":14},"end":{"line":38,"column":20}},{"start":{"line":39,"column":14},"end":{"line":39,"column":20}}]},"4":{"line":40,"type":"switch","locations":[{"start":{"line":42,"column":8},"end":{"line":47,"column":18}},{"start":{"line":49,"column":8},"end":{"line":52,"column":18}}]},"5":{"line":44,"type":"binary-expr","locations":[{"start":{"line":44,"column":16},"end":{"line":44,"column":44}},{"start":{"line":44,"column":48},"end":{"line":44,"column":66}}]},"6":{"line":50,"type":"binary-expr","locations":[{"start":{"line":50,"column":21},"end":{"line":50,"column":49}},{"start":{"line":50,"column":53},"end":{"line":50,"column":72}}]},"7":{"line":64,"type":"switch","locations":[{"start":{"line":69,"column":4},"end":{"line":70,"column":14}},{"start":{"line":75,"column":4},"end":{"line":76,"column":14}}]},"8":{"line":85,"type":"switch","locations":[{"start":{"line":90,"column":4},"end":{"line":95,"column":14}},{"start":{"line":101,"column":4},"end":{"line":173,"column":14},"skip":true}]},"9":{"line":92,"type":"binary-expr","locations":[{"start":{"line":92,"column":18},"end":{"line":92,"column":32}},{"start":{"line":93,"column":12},"end":{"line":93,"column":53}},{"start":{"line":94,"column":12},"end":{"line":94,"column":61}}]},"10":{"line":102,"type":"binary-expr","locations":[{"start":{"line":102,"column":45},"end":{"line":102,"column":79},"skip":true},{"start":{"line":102,"column":83},"end":{"line":111,"column":9},"skip":true}]},"11":{"line":113,"type":"binary-expr","locations":[{"start":{"line":113,"column":42},"end":{"line":113,"column":73},"skip":true},{"start":{"line":113,"column":77},"end":{"line":125,"column":9},"skip":true}]},"12":{"line":127,"type":"binary-expr","locations":[{"start":{"line":127,"column":42},"end":{"line":127,"column":73},"skip":true},{"start":{"line":127,"column":77},"end":{"line":136,"column":9},"skip":true}]},"13":{"line":138,"type":"binary-expr","locations":[{"start":{"line":138,"column":45},"end":{"line":138,"column":79},"skip":true},{"start":{"line":138,"column":83},"end":{"line":147,"column":9},"skip":true}]},"14":{"line":149,"type":"binary-expr","locations":[{"start":{"line":149,"column":43},"end":{"line":149,"column":75},"skip":true},{"start":{"line":149,"column":79},"end":{"line":158,"column":9},"skip":true}]},"15":{"line":160,"type":"binary-expr","locations":[{"start":{"line":160,"column":41},"end":{"line":160,"column":71},"skip":true},{"start":{"line":160,"column":75},"end":{"line":169,"column":9},"skip":true}]}},"code":["/* istanbul instrument in package npmtest_should */","/*jslint","    bitwise: true,","    browser: true,","    maxerr: 8,","    maxlen: 96,","    node: true,","    nomen: true,","    regexp: true,","    stupid: true","*/","(function () {","    'use strict';","    var local;","","","","    // run shared js-env code - pre-init","    (function () {","        // init local","        local = {};","        // init modeJs","        local.modeJs = (function () {","            try {","                return typeof navigator.userAgent === 'string' &&","                    typeof document.querySelector('body') === 'object' &&","                    typeof XMLHttpRequest.prototype.open === 'function' &&","                    'browser';","            } catch (errorCaughtBrowser) {","                return module.exports &&","                    typeof process.versions.node === 'string' &&","                    typeof require('http').createServer === 'function' &&","                    'node';","            }","        }());","        // init global","        local.global = local.modeJs === 'browser'","            ? window","            : global;","        switch (local.modeJs) {","        // re-init local from window.local","        case 'browser':","            local = local.global.utility2.objectSetDefault(","                local.global.utility2_rollup || local.global.local,","                local.global.utility2","            );","            break;","        // re-init local from example.js","        case 'node':","            local = (local.global.utility2_rollup || require('utility2'))","                .requireExampleJsFromReadme();","            break;","        }","        // export local","        local.global.local = local;","    }());","","","","    // run shared js-env code - function","    (function () {","        return;","    }());","    switch (local.modeJs) {","","","","    // run browser js-env code - function","    case 'browser':","        break;","","","","    // run node js-env code - function","    case 'node':","        break;","    }","","","","    // run shared js-env code - post-init","    (function () {","        return;","    }());","    switch (local.modeJs) {","","","","    // run browser js-env code - post-init","    case 'browser':","        // run tests","        local.nop(local.modeTest &&","            document.querySelector('#testRunButton1') &&","            document.querySelector('#testRunButton1').click());","        break;","","","","    // run node js-env code - post-init","    /* istanbul ignore next */","    case 'node':","        local.testCase_buildApidoc_default = local.testCase_buildApidoc_default || function (","            options,","            onError","        ) {","        /*","         * this function will test buildApidoc's default handling-behavior-behavior","         */","            options = { modulePathList: module.paths };","            local.buildApidoc(options, onError);","        };","","        local.testCase_buildApp_default = local.testCase_buildApp_default || function (","            options,","            onError","        ) {","        /*","         * this function will test buildApp's default handling-behavior-behavior","         */","            local.testCase_buildReadme_default(options, local.onErrorThrow);","            local.testCase_buildLib_default(options, local.onErrorThrow);","            local.testCase_buildTest_default(options, local.onErrorThrow);","            options = [];","            local.buildApp(options, onError);","        };","","        local.testCase_buildLib_default = local.testCase_buildLib_default || function (","            options,","            onError","        ) {","        /*","         * this function will test buildLib's default handling-behavior","         */","            options = {};","            local.buildLib(options, onError);","        };","","        local.testCase_buildReadme_default = local.testCase_buildReadme_default || function (","            options,","            onError","        ) {","        /*","         * this function will test buildReadme's default handling-behavior-behavior","         */","            options = {};","            local.buildReadme(options, onError);","        };","","        local.testCase_buildTest_default = local.testCase_buildTest_default || function (","            options,","            onError","        ) {","        /*","         * this function will test buildTest's default handling-behavior","         */","            options = {};","            local.buildTest(options, onError);","        };","","        local.testCase_webpage_default = local.testCase_webpage_default || function (","            options,","            onError","        ) {","        /*","         * this function will test webpage's default handling-behavior","         */","            options = { modeCoverageMerge: true, url: local.serverLocalHost + '?modeTest=1' };","            local.browserTest(options, onError);","        };","","        // run test-server","        local.testRunServer(local);","        break;","    }","}());",""],"l":{"12":2,"14":2,"19":2,"21":2,"23":2,"24":2,"25":2,"30":1,"37":2,"40":2,"43":1,"47":1,"50":1,"52":1,"55":2,"61":2,"62":2,"64":2,"70":1,"76":1,"82":2,"83":2,"85":2,"92":1,"95":1,"102":1,"109":1,"110":1,"113":1,"120":1,"121":1,"122":1,"123":1,"124":1,"127":1,"134":2,"135":2,"138":1,"145":2,"146":2,"149":1,"156":2,"157":2,"160":1,"167":1,"168":1,"172":1,"173":1}},"/home/travis/build/npmtest/node-npmtest-should/lib.npmtest_should.js":{"path":"/home/travis/build/npmtest/node-npmtest-should/lib.npmtest_should.js","s":{"1":2,"2":2,"3":2,"4":2,"5":2,"6":2,"7":2,"8":1,"9":2,"10":2,"11":2,"12":2,"13":1,"14":1,"15":1,"16":1},"b":{"1":[2,1,1,1],"2":[1,1,1,1],"3":[1,1],"4":[2,2],"5":[1,1]},"f":{"1":2,"2":2,"3":2},"fnMap":{"1":{"name":"(anonymous_1)","line":12,"loc":{"start":{"line":12,"column":1},"end":{"line":12,"column":13}}},"2":{"name":"(anonymous_2)","line":19,"loc":{"start":{"line":19,"column":5},"end":{"line":19,"column":17}}},"3":{"name":"(anonymous_3)","line":23,"loc":{"start":{"line":23,"column":24},"end":{"line":23,"column":36}}}},"statementMap":{"1":{"start":{"line":12,"column":0},"end":{"line":53,"column":5}},"2":{"start":{"line":14,"column":4},"end":{"line":14,"column":14}},"3":{"start":{"line":19,"column":4},"end":{"line":52,"column":9}},"4":{"start":{"line":21,"column":8},"end":{"line":21,"column":19}},"5":{"start":{"line":23,"column":8},"end":{"line":35,"column":13}},"6":{"start":{"line":24,"column":12},"end":{"line":34,"column":13}},"7":{"start":{"line":25,"column":16},"end":{"line":28,"column":30}},"8":{"start":{"line":30,"column":16},"end":{"line":33,"column":27}},"9":{"start":{"line":37,"column":8},"end":{"line":39,"column":21}},"10":{"start":{"line":41,"column":8},"end":{"line":41,"column":54}},"11":{"start":{"line":43,"column":8},"end":{"line":43,"column":51}},"12":{"start":{"line":45,"column":8},"end":{"line":51,"column":9}},"13":{"start":{"line":46,"column":12},"end":{"line":46,"column":57}},"14":{"start":{"line":48,"column":12},"end":{"line":48,"column":35}},"15":{"start":{"line":49,"column":12},"end":{"line":49,"column":49}},"16":{"start":{"line":50,"column":12},"end":{"line":50,"column":43}}},"branchMap":{"1":{"line":25,"type":"binary-expr","locations":[{"start":{"line":25,"column":23},"end":{"line":25,"column":62}},{"start":{"line":26,"column":20},"end":{"line":26,"column":70}},{"start":{"line":27,"column":20},"end":{"line":27,"column":71}},{"start":{"line":28,"column":20},"end":{"line":28,"column":29}}]},"2":{"line":30,"type":"binary-expr","locations":[{"start":{"line":30,"column":23},"end":{"line":30,"column":37}},{"start":{"line":31,"column":20},"end":{"line":31,"column":61}},{"start":{"line":32,"column":20},"end":{"line":32,"column":70}},{"start":{"line":33,"column":20},"end":{"line":33,"column":26}}]},"3":{"line":37,"type":"cond-expr","locations":[{"start":{"line":38,"column":14},"end":{"line":38,"column":20}},{"start":{"line":39,"column":14},"end":{"line":39,"column":20}}]},"4":{"line":41,"type":"binary-expr","locations":[{"start":{"line":41,"column":16},"end":{"line":41,"column":44}},{"start":{"line":41,"column":48},"end":{"line":41,"column":53}}]},"5":{"line":45,"type":"if","locations":[{"start":{"line":45,"column":8},"end":{"line":45,"column":8}},{"start":{"line":45,"column":8},"end":{"line":45,"column":8}}]}},"code":["/* istanbul instrument in package npmtest_should */","/*jslint","    bitwise: true,","    browser: true,","    maxerr: 8,","    maxlen: 96,","    node: true,","    nomen: true,","    regexp: true,","    stupid: true","*/","(function () {","    'use strict';","    var local;","","","","    // run shared js-env code - pre-init","    (function () {","        // init local","        local = {};","        // init modeJs","        local.modeJs = (function () {","            try {","                return typeof navigator.userAgent === 'string' &&","                    typeof document.querySelector('body') === 'object' &&","                    typeof XMLHttpRequest.prototype.open === 'function' &&","                    'browser';","            } catch (errorCaughtBrowser) {","                return module.exports &&","                    typeof process.versions.node === 'string' &&","                    typeof require('http').createServer === 'function' &&","                    'node';","            }","        }());","        // init global","        local.global = local.modeJs === 'browser'","            ? window","            : global;","        // init utility2_rollup","        local = local.global.utility2_rollup || local;","        // init lib","        local.local = local.npmtest_should = local;","        // init exports","        if (local.modeJs === 'browser') {","            local.global.utility2_npmtest_should = local;","        } else {","            module.exports = local;","            module.exports.__dirname = __dirname;","            module.exports.module = module;","        }","    }());","}());",""],"l":{"12":2,"14":2,"19":2,"21":2,"23":2,"24":2,"25":2,"30":1,"37":2,"41":2,"43":2,"45":2,"46":1,"48":1,"49":1,"50":1}},"/home/travis/build/npmtest/node-npmtest-should/example.js":{"path":"/home/travis/build/npmtest/node-npmtest-should/example.js","s":{"1":2,"2":2,"3":2,"4":2,"5":2,"6":2,"7":2,"8":1,"9":2,"10":2,"11":2,"12":2,"13":1,"14":2,"15":2,"16":2,"17":2,"18":2,"19":0,"20":2,"21":1,"22":1,"23":1,"24":1,"25":1,"26":0,"27":0,"28":1,"29":1,"30":2,"31":0,"32":0,"33":0,"34":1,"35":2,"36":2,"37":2,"38":2,"39":2,"40":2,"41":0,"42":2,"43":2,"44":2,"45":1,"46":3,"47":1,"48":1,"49":1,"50":1,"51":1,"52":1,"53":1,"54":1,"55":1,"56":1,"57":0,"58":1,"59":6,"60":6,"61":1,"62":2,"63":0,"64":2,"65":1,"66":1,"67":0,"68":0,"69":0,"70":0,"71":0,"72":0,"73":0,"74":0,"75":0,"76":0,"77":0,"78":0,"79":0,"80":0,"81":0,"82":0,"83":0},"b":{"1":[2,1,1,1],"2":[1,1,1,1],"3":[1,1],"4":[2,2],"5":[1,1],"6":[1,1],"7":[2,0],"8":[2,1,1,1,1,1],"9":[0,2,0],"10":[1,1],"11":[2,1,1],"12":[1,0],"13":[0,2],"14":[2,0,0,0,0,0,0],"15":[0,2],"16":[2,0],"17":[1,1],"18":[0,1],"19":[1,2,0,2],"20":[1,0],"21":[1,1],"22":[0,0],"23":[0,0],"24":[0,0],"25":[0,0],"26":[0,0],"27":[0,0],"28":[0,0]},"f":{"1":2,"2":2,"3":2,"4":2,"5":2,"6":2,"7":2,"8":2,"9":3,"10":1,"11":6,"12":0},"fnMap":{"1":{"name":"(anonymous_1)","line":26,"loc":{"start":{"line":26,"column":1},"end":{"line":26,"column":13}}},"2":{"name":"(anonymous_2)","line":33,"loc":{"start":{"line":33,"column":5},"end":{"line":33,"column":17}}},"3":{"name":"(anonymous_3)","line":37,"loc":{"start":{"line":37,"column":24},"end":{"line":37,"column":36}}},"4":{"name":"(anonymous_4)","line":69,"loc":{"start":{"line":69,"column":31},"end":{"line":69,"column":48}},"skip":true},"5":{"name":"(anonymous_5)","line":78,"loc":{"start":{"line":78,"column":26},"end":{"line":78,"column":45}},"skip":true},"6":{"name":"(anonymous_6)","line":123,"loc":{"start":{"line":123,"column":33},"end":{"line":123,"column":48}},"skip":true},"7":{"name":"(anonymous_7)","line":125,"loc":{"start":{"line":125,"column":27},"end":{"line":125,"column":39}},"skip":true},"8":{"name":"(anonymous_8)","line":133,"loc":{"start":{"line":133,"column":59},"end":{"line":133,"column":74}},"skip":true},"9":{"name":"(anonymous_9)","line":143,"loc":{"start":{"line":143,"column":45},"end":{"line":143,"column":62}},"skip":true},"10":{"name":"(anonymous_10)","line":144,"loc":{"start":{"line":144,"column":73},"end":{"line":144,"column":92}},"skip":true},"11":{"name":"(anonymous_11)","line":272,"loc":{"start":{"line":272,"column":51},"end":{"line":272,"column":77}},"skip":true},"12":{"name":"(anonymous_12)","line":314,"loc":{"start":{"line":314,"column":32},"end":{"line":314,"column":61}},"skip":true}},"statementMap":{"1":{"start":{"line":26,"column":0},"end":{"line":325,"column":5}},"2":{"start":{"line":28,"column":4},"end":{"line":28,"column":14}},"3":{"start":{"line":33,"column":4},"end":{"line":60,"column":9}},"4":{"start":{"line":35,"column":8},"end":{"line":35,"column":19}},"5":{"start":{"line":37,"column":8},"end":{"line":49,"column":13}},"6":{"start":{"line":38,"column":12},"end":{"line":48,"column":13}},"7":{"start":{"line":39,"column":16},"end":{"line":42,"column":30}},"8":{"start":{"line":44,"column":16},"end":{"line":47,"column":27}},"9":{"start":{"line":51,"column":8},"end":{"line":53,"column":21}},"10":{"start":{"line":55,"column":8},"end":{"line":57,"column":45}},"11":{"start":{"line":59,"column":8},"end":{"line":59,"column":35}},"12":{"start":{"line":61,"column":4},"end":{"line":324,"column":5}},"13":{"start":{"line":69,"column":8},"end":{"line":121,"column":10},"skip":true},"14":{"start":{"line":70,"column":12},"end":{"line":88,"column":13},"skip":true},"15":{"start":{"line":76,"column":16},"end":{"line":87,"column":19},"skip":true},"16":{"start":{"line":79,"column":20},"end":{"line":86,"column":21},"skip":true},"17":{"start":{"line":82,"column":24},"end":{"line":82,"column":43},"skip":true},"18":{"start":{"line":83,"column":24},"end":{"line":83,"column":30},"skip":true},"19":{"start":{"line":85,"column":24},"end":{"line":85,"column":49},"skip":true},"20":{"start":{"line":89,"column":12},"end":{"line":107,"column":13},"skip":true},"21":{"start":{"line":92,"column":16},"end":{"line":102,"column":17},"skip":true},"22":{"start":{"line":93,"column":20},"end":{"line":93,"column":86},"skip":true},"23":{"start":{"line":94,"column":20},"end":{"line":95,"column":45},"skip":true},"24":{"start":{"line":96,"column":20},"end":{"line":96,"column":42},"skip":true},"25":{"start":{"line":97,"column":20},"end":{"line":97,"column":48},"skip":true},"26":{"start":{"line":100,"column":20},"end":{"line":100,"column":85},"skip":true},"27":{"start":{"line":101,"column":20},"end":{"line":101,"column":96},"skip":true},"28":{"start":{"line":103,"column":16},"end":{"line":103,"column":22},"skip":true},"29":{"start":{"line":106,"column":16},"end":{"line":106,"column":22},"skip":true},"30":{"start":{"line":108,"column":12},"end":{"line":120,"column":13},"skip":true},"31":{"start":{"line":114,"column":16},"end":{"line":119,"column":17},"skip":true},"32":{"start":{"line":116,"column":20},"end":{"line":116,"column":78},"skip":true},"33":{"start":{"line":118,"column":20},"end":{"line":118,"column":53},"skip":true},"34":{"start":{"line":123,"column":8},"end":{"line":141,"column":11},"skip":true},"35":{"start":{"line":124,"column":12},"end":{"line":124,"column":54},"skip":true},"36":{"start":{"line":125,"column":12},"end":{"line":140,"column":14},"skip":true},"37":{"start":{"line":126,"column":16},"end":{"line":126,"column":28},"skip":true},"38":{"start":{"line":127,"column":16},"end":{"line":127,"column":69},"skip":true},"39":{"start":{"line":128,"column":16},"end":{"line":128,"column":75},"skip":true},"40":{"start":{"line":129,"column":16},"end":{"line":131,"column":17},"skip":true},"41":{"start":{"line":130,"column":20},"end":{"line":130,"column":27},"skip":true},"42":{"start":{"line":133,"column":16},"end":{"line":137,"column":36},"skip":true},"43":{"start":{"line":134,"column":20},"end":{"line":136,"column":55},"skip":true},"44":{"start":{"line":139,"column":16},"end":{"line":139,"column":57},"skip":true},"45":{"start":{"line":143,"column":8},"end":{"line":147,"column":11},"skip":true},"46":{"start":{"line":144,"column":12},"end":{"line":146,"column":15},"skip":true},"47":{"start":{"line":145,"column":16},"end":{"line":145,"column":70},"skip":true},"48":{"start":{"line":149,"column":8},"end":{"line":149,"column":31},"skip":true},"49":{"start":{"line":150,"column":8},"end":{"line":150,"column":14},"skip":true},"50":{"start":{"line":158,"column":8},"end":{"line":158,"column":31},"skip":true},"51":{"start":{"line":160,"column":8},"end":{"line":160,"column":33},"skip":true},"52":{"start":{"line":161,"column":8},"end":{"line":161,"column":37},"skip":true},"53":{"start":{"line":162,"column":8},"end":{"line":162,"column":35},"skip":true},"54":{"start":{"line":164,"column":8},"end":{"line":164,"column":50},"skip":true},"55":{"start":{"line":166,"column":8},"end":{"line":256,"column":2},"skip":true},"56":{"start":{"line":258,"column":8},"end":{"line":286,"column":9},"skip":true},"57":{"start":{"line":259,"column":12},"end":{"line":269,"column":14},"skip":true},"58":{"start":{"line":271,"column":12},"end":{"line":285,"column":19},"skip":true},"59":{"start":{"line":274,"column":20},"end":{"line":274,"column":35},"skip":true},"60":{"start":{"line":275,"column":20},"end":{"line":284,"column":21},"skip":true},"61":{"start":{"line":277,"column":24},"end":{"line":277,"column":64},"skip":true},"62":{"start":{"line":279,"column":24},"end":{"line":279,"column":40},"skip":true},"63":{"start":{"line":281,"column":24},"end":{"line":281,"column":40},"skip":true},"64":{"start":{"line":283,"column":24},"end":{"line":283,"column":39},"skip":true},"65":{"start":{"line":288,"column":8},"end":{"line":290,"column":9},"skip":true},"66":{"start":{"line":289,"column":12},"end":{"line":289,"column":18},"skip":true},"67":{"start":{"line":291,"column":8},"end":{"line":293,"column":54},"skip":true},"68":{"start":{"line":294,"column":8},"end":{"line":301,"column":37},"skip":true},"69":{"start":{"line":302,"column":8},"end":{"line":302,"column":82},"skip":true},"70":{"start":{"line":305,"column":8},"end":{"line":307,"column":9},"skip":true},"71":{"start":{"line":306,"column":12},"end":{"line":306,"column":82},"skip":true},"72":{"start":{"line":309,"column":8},"end":{"line":311,"column":9},"skip":true},"73":{"start":{"line":310,"column":12},"end":{"line":310,"column":18},"skip":true},"74":{"start":{"line":312,"column":8},"end":{"line":312,"column":54},"skip":true},"75":{"start":{"line":313,"column":8},"end":{"line":313,"column":69},"skip":true},"76":{"start":{"line":314,"column":8},"end":{"line":322,"column":36},"skip":true},"77":{"start":{"line":315,"column":12},"end":{"line":315,"column":61},"skip":true},"78":{"start":{"line":316,"column":12},"end":{"line":319,"column":13},"skip":true},"79":{"start":{"line":317,"column":16},"end":{"line":317,"column":75},"skip":true},"80":{"start":{"line":318,"column":16},"end":{"line":318,"column":23},"skip":true},"81":{"start":{"line":320,"column":12},"end":{"line":320,"column":38},"skip":true},"82":{"start":{"line":321,"column":12},"end":{"line":321,"column":27},"skip":true},"83":{"start":{"line":323,"column":8},"end":{"line":323,"column":14},"skip":true}},"branchMap":{"1":{"line":39,"type":"binary-expr","locations":[{"start":{"line":39,"column":23},"end":{"line":39,"column":62}},{"start":{"line":40,"column":20},"end":{"line":40,"column":70}},{"start":{"line":41,"column":20},"end":{"line":41,"column":71}},{"start":{"line":42,"column":20},"end":{"line":42,"column":29}}]},"2":{"line":44,"type":"binary-expr","locations":[{"start":{"line":44,"column":23},"end":{"line":44,"column":37}},{"start":{"line":45,"column":20},"end":{"line":45,"column":61}},{"start":{"line":46,"column":20},"end":{"line":46,"column":70}},{"start":{"line":47,"column":20},"end":{"line":47,"column":26}}]},"3":{"line":51,"type":"cond-expr","locations":[{"start":{"line":52,"column":14},"end":{"line":52,"column":20}},{"start":{"line":53,"column":14},"end":{"line":53,"column":20}}]},"4":{"line":55,"type":"binary-expr","locations":[{"start":{"line":55,"column":16},"end":{"line":55,"column":44}},{"start":{"line":55,"column":49},"end":{"line":57,"column":43}}]},"5":{"line":55,"type":"cond-expr","locations":[{"start":{"line":56,"column":14},"end":{"line":56,"column":50}},{"start":{"line":57,"column":14},"end":{"line":57,"column":43}}]},"6":{"line":61,"type":"switch","locations":[{"start":{"line":68,"column":4},"end":{"line":150,"column":14},"skip":true},{"start":{"line":156,"column":4},"end":{"line":323,"column":14},"skip":true}]},"7":{"line":70,"type":"if","locations":[{"start":{"line":70,"column":12},"end":{"line":70,"column":12},"skip":true},{"start":{"line":70,"column":12},"end":{"line":70,"column":12},"skip":true}]},"8":{"line":70,"type":"binary-expr","locations":[{"start":{"line":70,"column":16},"end":{"line":70,"column":22},"skip":true},{"start":{"line":70,"column":27},"end":{"line":70,"column":32},"skip":true},{"start":{"line":71,"column":20},"end":{"line":71,"column":39},"skip":true},{"start":{"line":72,"column":20},"end":{"line":72,"column":49},"skip":true},{"start":{"line":73,"column":20},"end":{"line":73,"column":58},"skip":true},{"start":{"line":74,"column":20},"end":{"line":74,"column":69},"skip":true}]},"9":{"line":79,"type":"switch","locations":[{"start":{"line":80,"column":20},"end":{"line":80,"column":33},"skip":true},{"start":{"line":81,"column":20},"end":{"line":83,"column":30},"skip":true},{"start":{"line":84,"column":20},"end":{"line":85,"column":49},"skip":true}]},"10":{"line":89,"type":"switch","locations":[{"start":{"line":90,"column":12},"end":{"line":103,"column":22},"skip":true},{"start":{"line":105,"column":12},"end":{"line":106,"column":22},"skip":true}]},"11":{"line":89,"type":"binary-expr","locations":[{"start":{"line":89,"column":20},"end":{"line":89,"column":25},"skip":true},{"start":{"line":89,"column":29},"end":{"line":89,"column":48},"skip":true},{"start":{"line":89,"column":52},"end":{"line":89,"column":74},"skip":true}]},"12":{"line":92,"type":"if","locations":[{"start":{"line":92,"column":16},"end":{"line":92,"column":16},"skip":true},{"start":{"line":92,"column":16},"end":{"line":92,"column":16},"skip":true}]},"13":{"line":108,"type":"if","locations":[{"start":{"line":108,"column":12},"end":{"line":108,"column":12},"skip":true},{"start":{"line":108,"column":12},"end":{"line":108,"column":12},"skip":true}]},"14":{"line":108,"type":"binary-expr","locations":[{"start":{"line":108,"column":16},"end":{"line":108,"column":61},"skip":true},{"start":{"line":108,"column":66},"end":{"line":108,"column":72},"skip":true},{"start":{"line":108,"column":77},"end":{"line":108,"column":82},"skip":true},{"start":{"line":109,"column":20},"end":{"line":109,"column":39},"skip":true},{"start":{"line":110,"column":20},"end":{"line":110,"column":49},"skip":true},{"start":{"line":111,"column":20},"end":{"line":111,"column":58},"skip":true},{"start":{"line":112,"column":20},"end":{"line":112,"column":68},"skip":true}]},"15":{"line":129,"type":"if","locations":[{"start":{"line":129,"column":16},"end":{"line":129,"column":16},"skip":true},{"start":{"line":129,"column":16},"end":{"line":129,"column":16},"skip":true}]},"16":{"line":134,"type":"cond-expr","locations":[{"start":{"line":135,"column":26},"end":{"line":135,"column":29},"skip":true},{"start":{"line":136,"column":26},"end":{"line":136,"column":54},"skip":true}]},"17":{"line":164,"type":"binary-expr","locations":[{"start":{"line":164,"column":27},"end":{"line":164,"column":43},"skip":true},{"start":{"line":164,"column":47},"end":{"line":164,"column":49},"skip":true}]},"18":{"line":258,"type":"if","locations":[{"start":{"line":258,"column":8},"end":{"line":258,"column":8},"skip":true},{"start":{"line":258,"column":8},"end":{"line":258,"column":8},"skip":true}]},"19":{"line":275,"type":"switch","locations":[{"start":{"line":276,"column":20},"end":{"line":277,"column":64},"skip":true},{"start":{"line":278,"column":20},"end":{"line":279,"column":40},"skip":true},{"start":{"line":280,"column":20},"end":{"line":281,"column":40},"skip":true},{"start":{"line":282,"column":20},"end":{"line":283,"column":39},"skip":true}]},"20":{"line":288,"type":"if","locations":[{"start":{"line":288,"column":8},"end":{"line":288,"column":8},"skip":true},{"start":{"line":288,"column":8},"end":{"line":288,"column":8},"skip":true}]},"21":{"line":288,"type":"binary-expr","locations":[{"start":{"line":288,"column":12},"end":{"line":288,"column":40},"skip":true},{"start":{"line":288,"column":44},"end":{"line":288,"column":67},"skip":true}]},"22":{"line":292,"type":"binary-expr","locations":[{"start":{"line":292,"column":12},"end":{"line":292,"column":50},"skip":true},{"start":{"line":293,"column":12},"end":{"line":293,"column":53},"skip":true}]},"23":{"line":295,"type":"binary-expr","locations":[{"start":{"line":295,"column":12},"end":{"line":295,"column":64},"skip":true},{"start":{"line":296,"column":12},"end":{"line":301,"column":36},"skip":true}]},"24":{"line":302,"type":"binary-expr","locations":[{"start":{"line":302,"column":43},"end":{"line":302,"column":75},"skip":true},{"start":{"line":302,"column":79},"end":{"line":302,"column":81},"skip":true}]},"25":{"line":305,"type":"if","locations":[{"start":{"line":305,"column":8},"end":{"line":305,"column":8},"skip":true},{"start":{"line":305,"column":8},"end":{"line":305,"column":8},"skip":true}]},"26":{"line":309,"type":"if","locations":[{"start":{"line":309,"column":8},"end":{"line":309,"column":8},"skip":true},{"start":{"line":309,"column":8},"end":{"line":309,"column":8},"skip":true}]},"27":{"line":312,"type":"binary-expr","locations":[{"start":{"line":312,"column":27},"end":{"line":312,"column":43},"skip":true},{"start":{"line":312,"column":47},"end":{"line":312,"column":53},"skip":true}]},"28":{"line":316,"type":"if","locations":[{"start":{"line":316,"column":12},"end":{"line":316,"column":12},"skip":true},{"start":{"line":316,"column":12},"end":{"line":316,"column":12},"skip":true}]}},"code":["/*","example.js","","quickstart example","","instruction","    1. save this script as example.js","    2. run the shell command:","        $ npm install npmtest-should && PORT=8081 node example.js","    3. play with the browser-demo on http://127.0.0.1:8081","*/","","","","/* istanbul instrument in package npmtest_should */","/*jslint","    bitwise: true,","    browser: true,","    maxerr: 8,","    maxlen: 96,","    node: true,","    nomen: true,","    regexp: true,","    stupid: true","*/","(function () {","    'use strict';","    var local;","","","","    // run shared js-env code - pre-init","    (function () {","        // init local","        local = {};","        // init modeJs","        local.modeJs = (function () {","            try {","                return typeof navigator.userAgent === 'string' &&","                    typeof document.querySelector('body') === 'object' &&","                    typeof XMLHttpRequest.prototype.open === 'function' &&","                    'browser';","            } catch (errorCaughtBrowser) {","                return module.exports &&","                    typeof process.versions.node === 'string' &&","                    typeof require('http').createServer === 'function' &&","                    'node';","            }","        }());","        // init global","        local.global = local.modeJs === 'browser'","            ? window","            : global;","        // init utility2_rollup","        local = local.global.utility2_rollup || (local.modeJs === 'browser'","            ? local.global.utility2_npmtest_should","            : global.utility2_moduleExports);","        // export local","        local.global.local = local;","    }());","    switch (local.modeJs) {","","","","    // post-init","    // run browser js-env code - post-init","    /* istanbul ignore next */","    case 'browser':","        local.testRunBrowser = function (event) {","            if (!event || (event &&","                    event.currentTarget &&","                    event.currentTarget.className &&","                    event.currentTarget.className.includes &&","                    event.currentTarget.className.includes('onreset'))) {","                // reset output","                Array.from(","                    document.querySelectorAll('body > .resettable')","                ).forEach(function (element) {","                    switch (element.tagName) {","                    case 'INPUT':","                    case 'TEXTAREA':","                        element.value = '';","                        break;","                    default:","                        element.textContent = '';","                    }","                });","            }","            switch (event && event.currentTarget && event.currentTarget.id) {","            case 'testRunButton1':","                // show tests","                if (document.querySelector('#testReportDiv1').style.display === 'none') {","                    document.querySelector('#testReportDiv1').style.display = 'block';","                    document.querySelector('#testRunButton1').textContent =","                        'hide internal test';","                    local.modeTest = true;","                    local.testRunDefault(local);","                // hide tests","                } else {","                    document.querySelector('#testReportDiv1').style.display = 'none';","                    document.querySelector('#testRunButton1').textContent = 'run internal test';","                }","                break;","            // custom-case","            default:","                break;","            }","            if (document.querySelector('#inputTextareaEval1') && (!event || (event &&","                    event.currentTarget &&","                    event.currentTarget.className &&","                    event.currentTarget.className.includes &&","                    event.currentTarget.className.includes('oneval')))) {","                // try to eval input-code","                try {","                    /*jslint evil: true*/","                    eval(document.querySelector('#inputTextareaEval1').value);","                } catch (errorCaught) {","                    console.error(errorCaught.stack);","                }","            }","        };","        // log stderr and stdout to #outputTextareaStdout1","        ['error', 'log'].forEach(function (key) {","            console[key + '_original'] = console[key];","            console[key] = function () {","                var element;","                console[key + '_original'].apply(console, arguments);","                element = document.querySelector('#outputTextareaStdout1');","                if (!element) {","                    return;","                }","                // append text to #outputTextareaStdout1","                element.value += Array.from(arguments).map(function (arg) {","                    return typeof arg === 'string'","                        ? arg","                        : JSON.stringify(arg, null, 4);","                }).join(' ') + '\\n';","                // scroll textarea to bottom","                element.scrollTop = element.scrollHeight;","            };","        });","        // init event-handling","        ['change', 'click', 'keyup'].forEach(function (event) {","            Array.from(document.querySelectorAll('.on' + event)).forEach(function (element) {","                element.addEventListener(event, local.testRunBrowser);","            });","        });","        // run tests","        local.testRunBrowser();","        break;","","","","    // run node js-env code - post-init","    /* istanbul ignore next */","    case 'node':","        // export local","        module.exports = local;","        // require modules","        local.fs = require('fs');","        local.http = require('http');","        local.url = require('url');","        // init assets","        local.assetsDict = local.assetsDict || {};","        /* jslint-ignore-begin */","        local.assetsDict['/assets.index.template.html'] = '\\","<!doctype html>\\n\\","<html lang=\"en\">\\n\\","<head>\\n\\","<meta charset=\"UTF-8\">\\n\\","<meta name=\"viewport\" content=\"width=device-width, initial-scale=1\">\\n\\","<title>{{env.npm_package_name}} (v{{env.npm_package_version}})</title>\\n\\","<style>\\n\\","/*csslint\\n\\","    box-sizing: false,\\n\\","    universal-selector: false\\n\\","*/\\n\\","* {\\n\\","    box-sizing: border-box;\\n\\","}\\n\\","body {\\n\\","    background: #dde;\\n\\","    font-family: Arial, Helvetica, sans-serif;\\n\\","    margin: 2rem;\\n\\","}\\n\\","body > * {\\n\\","    margin-bottom: 1rem;\\n\\","}\\n\\",".utility2FooterDiv {\\n\\","    margin-top: 20px;\\n\\","    text-align: center;\\n\\","}\\n\\","</style>\\n\\","<style>\\n\\","/*csslint\\n\\","*/\\n\\","textarea {\\n\\","    font-family: monospace;\\n\\","    height: 10rem;\\n\\","    width: 100%;\\n\\","}\\n\\","textarea[readonly] {\\n\\","    background: #ddd;\\n\\","}\\n\\","</style>\\n\\","</head>\\n\\","<body>\\n\\","<!-- utility2-comment\\n\\","<div id=\"ajaxProgressDiv1\" style=\"background: #d00; height: 2px; left: 0; margin: 0; padding: 0; position: fixed; top: 0; transition: background 0.5s, width 1.5s; width: 25%;\"></div>\\n\\","utility2-comment -->\\n\\","<h1>\\n\\","<!-- utility2-comment\\n\\","    <a\\n\\","        {{#if env.npm_package_homepage}}\\n\\","        href=\"{{env.npm_package_homepage}}\"\\n\\","        {{/if env.npm_package_homepage}}\\n\\","        target=\"_blank\"\\n\\","    >\\n\\","utility2-comment -->\\n\\","        {{env.npm_package_name}} (v{{env.npm_package_version}})\\n\\","<!-- utility2-comment\\n\\","    </a>\\n\\","utility2-comment -->\\n\\","</h1>\\n\\","<h3>{{env.npm_package_description}}</h3>\\n\\","<!-- utility2-comment\\n\\","<h4><a download href=\"assets.app.js\">download standalone app</a></h4>\\n\\","<button class=\"onclick onreset\" id=\"testRunButton1\">run internal test</button><br>\\n\\","<div id=\"testReportDiv1\" style=\"display: none;\"></div>\\n\\","utility2-comment -->\\n\\","\\n\\","\\n\\","\\n\\","<label>stderr and stdout</label>\\n\\","<textarea class=\"resettable\" id=\"outputTextareaStdout1\" readonly></textarea>\\n\\","<!-- utility2-comment\\n\\","{{#if isRollup}}\\n\\","<script src=\"assets.app.js\"></script>\\n\\","{{#unless isRollup}}\\n\\","utility2-comment -->\\n\\","<script src=\"assets.utility2.rollup.js\"></script>\\n\\","<script src=\"jsonp.utility2._stateInit?callback=window.utility2._stateInit\"></script>\\n\\","<script src=\"assets.npmtest_should.rollup.js\"></script>\\n\\","<script src=\"assets.example.js\"></script>\\n\\","<script src=\"assets.test.js\"></script>\\n\\","<!-- utility2-comment\\n\\","{{/if isRollup}}\\n\\","utility2-comment -->\\n\\","<div class=\"utility2FooterDiv\">\\n\\","    [ this app was created with\\n\\","    <a href=\"https://github.com/kaizhu256/node-utility2\" target=\"_blank\">utility2</a>\\n\\","    ]\\n\\","</div>\\n\\","</body>\\n\\","</html>\\n\\","';","        /* jslint-ignore-end */","        if (local.templateRender) {","            local.assetsDict['/'] = local.templateRender(","                local.assetsDict['/assets.index.template.html'],","                {","                    env: local.objectSetDefault(local.env, {","                        npm_package_description: 'the greatest app in the world!',","                        npm_package_name: 'my-app',","                        npm_package_nameAlias: 'my_app',","                        npm_package_version: '0.0.1'","                    })","                }","            );","        } else {","            local.assetsDict['/'] = local.assetsDict['/assets.index.template.html']","                .replace((/\\{\\{env\\.(\\w+?)\\}\\}/g), function (match0, match1) {","                    // jslint-hack","                    String(match0);","                    switch (match1) {","                    case 'npm_package_description':","                        return 'the greatest app in the world!';","                    case 'npm_package_name':","                        return 'my-app';","                    case 'npm_package_nameAlias':","                        return 'my_app';","                    case 'npm_package_version':","                        return '0.0.1';","                    }","                });","        }","        // run the cli","        if (local.global.utility2_rollup || module !== require.main) {","            break;","        }","        local.assetsDict['/assets.example.js'] =","            local.assetsDict['/assets.example.js'] ||","            local.fs.readFileSync(__filename, 'utf8');","        local.assetsDict['/assets.npmtest_should.rollup.js'] =","            local.assetsDict['/assets.npmtest_should.rollup.js'] ||","            local.fs.readFileSync(","                // buildCustomOrg-hack","                local.npmtest_should.__dirname +","                    '/lib.npmtest_should.js',","                'utf8'","            ).replace((/^#!/), '//');","        local.assetsDict['/favicon.ico'] = local.assetsDict['/favicon.ico'] || '';","        // if $npm_config_timeout_exit exists,","        // then exit this process after $npm_config_timeout_exit ms","        if (Number(process.env.npm_config_timeout_exit)) {","            setTimeout(process.exit, Number(process.env.npm_config_timeout_exit));","        }","        // start server","        if (local.global.utility2_serverHttp1) {","            break;","        }","        process.env.PORT = process.env.PORT || '8081';","        console.error('server starting on port ' + process.env.PORT);","        local.http.createServer(function (request, response) {","            request.urlParsed = local.url.parse(request.url);","            if (local.assetsDict[request.urlParsed.pathname] !== undefined) {","                response.end(local.assetsDict[request.urlParsed.pathname]);","                return;","            }","            response.statusCode = 404;","            response.end();","        }).listen(process.env.PORT);","        break;","    }","}());",""],"l":{"26":2,"28":2,"33":2,"35":2,"37":2,"38":2,"39":2,"44":1,"51":2,"55":2,"59":2,"61":2,"69":1,"70":2,"76":2,"79":2,"82":2,"83":2,"85":1,"89":2,"92":1,"93":1,"94":1,"96":1,"97":1,"100":1,"101":1,"103":1,"106":1,"108":2,"114":1,"116":1,"118":1,"123":1,"124":2,"125":2,"126":2,"127":2,"128":2,"129":2,"130":1,"133":2,"134":2,"139":2,"143":1,"144":3,"145":1,"149":1,"150":1,"158":1,"160":1,"161":1,"162":1,"164":1,"166":1,"258":1,"259":1,"271":1,"274":6,"275":6,"277":1,"279":2,"281":1,"283":2,"288":1,"289":1,"291":1,"294":1,"302":1,"305":1,"306":1,"309":1,"310":1,"312":1,"313":1,"314":1,"315":1,"316":1,"317":1,"318":1,"320":1,"321":1,"323":1}},"/home/travis/build/npmtest/node-npmtest-should/should/index.js":{"path":"/home/travis/build/npmtest/node-npmtest-should/should/index.js","s":{"1":1,"2":1,"3":1,"4":1,"5":1,"6":1,"7":1},"b":{},"f":{},"fnMap":{},"statementMap":{"1":{"start":{"line":1,"column":0},"end":{"line":1,"column":37}},"2":{"start":{"line":3,"column":0},"end":{"line":3,"column":36}},"3":{"start":{"line":4,"column":0},"end":{"line":4,"column":31}},"4":{"start":{"line":7,"column":0},"end":{"line":12,"column":1}},"5":{"start":{"line":8,"column":2},"end":{"line":8,"column":64}},"6":{"start":{"line":9,"column":2},"end":{"line":9,"column":34}},"7":{"start":{"line":14,"column":0},"end":{"line":14,"column":24}}},"branchMap":{},"code":["var should = require('./cjs/should');","","var defaultProto = Object.prototype;","var defaultProperty = 'should';","","//Expose api via `Object#should`.","try {","  var prevShould = should.extend(defaultProperty, defaultProto);","  should._prevShould = prevShould;","} catch(e) {","  //ignore errors","}","","module.exports = should;",""],"l":{"1":1,"3":1,"4":1,"7":1,"8":1,"9":1,"14":1}},"/home/travis/build/npmtest/node-npmtest-should/should/cjs/should.js":{"path":"/home/travis/build/npmtest/node-npmtest-should/should/cjs/should.js","s":{"1":1,"2":3,"3":1,"4":1,"5":1,"6":1,"7":1,"8":1,"9":0,"10":1,"11":0,"12":1,"13":1,"14":0,"15":1,"16":0,"17":1,"18":0,"19":0,"20":1,"21":0,"22":0,"23":0,"24":0,"25":0,"26":0,"27":0,"28":0,"29":0,"30":0,"31":0,"32":0,"33":0,"34":0,"35":0,"36":0,"37":0,"38":0,"39":0,"40":1,"41":1,"42":0,"43":1,"44":0,"45":1,"46":0,"47":0,"48":0,"49":0,"50":0,"51":0,"52":0,"53":1,"54":0,"55":0,"56":0,"57":0,"58":0,"59":0,"60":0,"61":1,"62":1,"63":0,"64":0,"65":0,"66":0,"67":1,"68":0,"69":0,"70":0,"71":0,"72":0,"73":0,"74":0,"75":0,"76":0,"77":0,"78":0,"79":0,"80":0,"81":0,"82":1,"83":0,"84":1,"85":0,"86":1,"87":55,"88":0,"89":0,"90":0,"91":0,"92":0,"93":0,"94":0,"95":0,"96":0,"97":0,"98":0,"99":0,"100":0,"101":0,"102":0,"103":0,"104":0,"105":0,"106":0,"107":0,"108":0,"109":0,"110":0,"111":0,"112":0,"113":0,"114":0,"115":55,"116":0,"117":0,"118":0,"119":0,"120":1,"121":16,"122":16,"123":0,"124":0,"125":16,"126":0,"127":0,"128":0,"129":1,"130":19,"131":19,"132":0,"133":19,"134":19,"135":19,"136":18,"137":1,"138":0,"139":1,"140":0,"141":1,"142":0,"143":1,"144":1,"145":1,"146":0,"147":0,"148":0,"149":1,"150":1,"151":0,"152":0,"153":1,"154":1,"155":0,"156":0,"157":1,"158":0,"159":0,"160":1,"161":0,"162":0,"163":1,"164":0,"165":0,"166":1,"167":0,"168":0,"169":1,"170":0,"171":0,"172":1,"173":0,"174":0,"175":0,"176":0,"177":0,"178":0,"179":0,"180":0,"181":0,"182":1,"183":0,"184":0,"185":0,"186":0,"187":0,"188":0,"189":0,"190":0,"191":0,"192":0,"193":0,"194":0,"195":0,"196":0,"197":1,"198":0,"199":1,"200":0,"201":1,"202":0,"203":0,"204":1,"205":1,"206":1,"207":1,"208":0,"209":0,"210":1,"211":1,"212":0,"213":0,"214":1,"215":1,"216":13,"217":1,"218":1,"219":0,"220":1,"221":1,"222":0,"223":1,"224":1,"225":0,"226":0,"227":1,"228":1,"229":0,"230":0,"231":1,"232":0,"233":0,"234":1,"235":0,"236":0,"237":1,"238":0,"239":0,"240":1,"241":0,"242":0,"243":1,"244":0,"245":0,"246":1,"247":1,"248":1,"249":0,"250":0,"251":1,"252":0,"253":0,"254":1,"255":1,"256":1,"257":1,"258":0,"259":0,"260":1,"261":0,"262":0,"263":1,"264":1,"265":0,"266":0,"267":1,"268":0,"269":0,"270":1,"271":1,"272":0,"273":0,"274":1,"275":0,"276":0,"277":1,"278":0,"279":0,"280":1,"281":0,"282":0,"283":1,"284":0,"285":0,"286":1,"287":0,"288":0,"289":1,"290":0,"291":0,"292":1,"293":0,"294":0,"295":1,"296":1,"297":0,"298":0,"299":1,"300":1,"301":0,"302":0,"303":1,"304":1,"305":0,"306":0,"307":1,"308":0,"309":0,"310":1,"311":0,"312":0,"313":1,"314":0,"315":1,"316":1,"317":0,"318":0,"319":0,"320":0,"321":0,"322":0,"323":0,"324":1,"325":0,"326":0,"327":0,"328":1,"329":1,"330":1,"331":2,"332":0,"333":0,"334":0,"335":0,"336":0,"337":0,"338":0,"339":0,"340":0,"341":0,"342":0,"343":0,"344":0,"345":0,"346":0,"347":1,"348":1,"349":1,"350":1,"351":0,"352":0,"353":0,"354":1,"355":0,"356":0,"357":0,"358":0,"359":0,"360":0,"361":0,"362":0,"363":0,"364":0,"365":0,"366":1,"367":0,"368":0,"369":0,"370":0,"371":0,"372":0,"373":0,"374":0,"375":0,"376":0,"377":0,"378":0,"379":0,"380":1,"381":0,"382":0,"383":0,"384":0,"385":0,"386":0,"387":0,"388":0,"389":0,"390":0,"391":0,"392":0,"393":1,"394":0,"395":0,"396":0,"397":0,"398":0,"399":0,"400":0,"401":0,"402":0,"403":0,"404":0,"405":0,"406":0,"407":0,"408":0,"409":0,"410":0,"411":0,"412":0,"413":0,"414":0,"415":0,"416":0,"417":0,"418":0,"419":0,"420":0,"421":0,"422":0,"423":0,"424":0,"425":0,"426":0,"427":0,"428":0,"429":0,"430":0,"431":0,"432":0,"433":1,"434":0,"435":0,"436":0,"437":0,"438":0,"439":0,"440":0,"441":1,"442":1,"443":1,"444":0,"445":0,"446":1,"447":0,"448":0,"449":1,"450":1,"451":1,"452":0,"453":0,"454":0,"455":0,"456":0,"457":0,"458":0,"459":0,"460":0,"461":0,"462":1,"463":0,"464":0,"465":0,"466":0,"467":0,"468":0,"469":0,"470":0,"471":0,"472":0,"473":0,"474":0,"475":0,"476":0,"477":0,"478":0,"479":0,"480":0,"481":0,"482":0,"483":0,"484":0,"485":0,"486":1,"487":0,"488":0,"489":0,"490":0,"491":0,"492":0,"493":0,"494":0,"495":0,"496":0,"497":0,"498":0,"499":0,"500":0,"501":0,"502":0,"503":0,"504":0,"505":0,"506":0,"507":0,"508":0,"509":0,"510":1,"511":1,"512":1,"513":1,"514":0,"515":0,"516":0,"517":0,"518":1,"519":0,"520":0,"521":0,"522":0,"523":0,"524":0,"525":0,"526":0,"527":0,"528":0,"529":0,"530":1,"531":0,"532":0,"533":0,"534":0,"535":0,"536":0,"537":1,"538":0,"539":0,"540":0,"541":0,"542":0,"543":1,"544":0,"545":0,"546":0,"547":0,"548":0,"549":0,"550":0,"551":1,"552":0,"553":0,"554":0,"555":0,"556":0,"557":0,"558":0,"559":0,"560":0,"561":0,"562":0,"563":0,"564":0,"565":0,"566":0,"567":0,"568":0,"569":0,"570":0,"571":0,"572":0,"573":0,"574":0,"575":0,"576":0,"577":0,"578":0,"579":0,"580":0,"581":0,"582":0,"583":0,"584":0,"585":0,"586":0,"587":1,"588":0,"589":1,"590":1,"591":0,"592":0,"593":0,"594":0,"595":1,"596":1,"597":0,"598":0,"599":1,"600":0,"601":0,"602":0,"603":0,"604":0,"605":0,"606":0,"607":0,"608":0,"609":0,"610":0,"611":1,"612":0,"613":0,"614":1,"615":0,"616":1,"617":0,"618":0,"619":1,"620":0,"621":0,"622":0,"623":0,"624":0,"625":0,"626":0,"627":0,"628":0,"629":0,"630":0,"631":0,"632":0,"633":1,"634":1,"635":1,"636":0,"637":0,"638":0,"639":0,"640":0,"641":0,"642":0,"643":0,"644":0,"645":0,"646":0,"647":0,"648":0,"649":0,"650":0,"651":0,"652":0,"653":0,"654":0,"655":0,"656":0,"657":0,"658":0,"659":0,"660":0,"661":0,"662":0,"663":0,"664":0,"665":0,"666":0,"667":0,"668":0,"669":0,"670":0,"671":0,"672":0,"673":0,"674":0,"675":0,"676":0,"677":0,"678":0,"679":0,"680":0,"681":1,"682":1,"683":1,"684":1,"685":0,"686":0,"687":0,"688":0,"689":0,"690":0,"691":0,"692":0,"693":0,"694":0,"695":0,"696":0,"697":0,"698":0,"699":0,"700":0,"701":0,"702":0,"703":0,"704":0,"705":0,"706":0,"707":0,"708":0,"709":0,"710":0,"711":0,"712":0,"713":0,"714":0,"715":0,"716":0,"717":0,"718":0,"719":0,"720":0,"721":0,"722":0,"723":1,"724":0,"725":0,"726":0,"727":1,"728":0,"729":0,"730":0,"731":0,"732":0,"733":0,"734":0,"735":0,"736":1,"737":1,"738":1,"739":0,"740":1,"741":1,"742":1,"743":1,"744":1,"745":1,"746":1,"747":1,"748":1,"749":1,"750":0,"751":1,"752":1,"753":0,"754":0,"755":0,"756":0,"757":0,"758":0,"759":1,"760":12,"761":12,"762":1,"763":1},"b":{"1":[0,3],"2":[3,3,0],"3":[0,0,0],"4":[0,0],"5":[0,0],"6":[0,0],"7":[0,0],"8":[0,0],"9":[0,0],"10":[0,0],"11":[0,0],"12":[0,0],"13":[0,0],"14":[0,0],"15":[0,0],"16":[0,0],"17":[0,0],"18":[0,0],"19":[0,0],"20":[0,0],"21":[0,0],"22":[0,0],"23":[0,0],"24":[0,0],"25":[0,0],"26":[0,0],"27":[0,0],"28":[0,0],"29":[0,0],"30":[0,0],"31":[0,0],"32":[0,0],"33":[0,0],"34":[16,13],"35":[0,19],"36":[18,1],"37":[0,0],"38":[0,0],"39":[0,0],"40":[0,0],"41":[0,0],"42":[0,0],"43":[0,0],"44":[0,0],"45":[0,0],"46":[0,0],"47":[0,0],"48":[0,0],"49":[0,0],"50":[0,0],"51":[0,0],"52":[0,0],"53":[0,0],"54":[0,0],"55":[0,0],"56":[0,0],"57":[0,0],"58":[0,0],"59":[0,0,0,0,0,0],"60":[0,0],"61":[0,0],"62":[0,0],"63":[0,0],"64":[0,0],"65":[0,0],"66":[0,0],"67":[0,0],"68":[0,0],"69":[0,0],"70":[0,0],"71":[0,0],"72":[0,0],"73":[0,0],"74":[0,0],"75":[0,0],"76":[0,0],"77":[0,0],"78":[0,0],"79":[0,0],"80":[0,0],"81":[0,0],"82":[0,0],"83":[0,0],"84":[0,0],"85":[0,0],"86":[0,0],"87":[0,0],"88":[0,0],"89":[0,0],"90":[0,0],"91":[0,0],"92":[0,0],"93":[0,0],"94":[0,0],"95":[0,0],"96":[0,0],"97":[0,0],"98":[0,0],"99":[0,0],"100":[0,0],"101":[0,0],"102":[0,0,0,0],"103":[0,0],"104":[0,0],"105":[0,0],"106":[0,0],"107":[0,0],"108":[0,0],"109":[0,0],"110":[0,0,0,0],"111":[0,0],"112":[0,0],"113":[0,0],"114":[0,0],"115":[0,0],"116":[0,0],"117":[0,0],"118":[0,0],"119":[0,0],"120":[0,0],"121":[0,0],"122":[0,0],"123":[0,0],"124":[0,0],"125":[0,0],"126":[0,0],"127":[0,0,0],"128":[0,0],"129":[0,0],"130":[0,0],"131":[0,0,0,0],"132":[0,0],"133":[0,0],"134":[0,0,0],"135":[0,0],"136":[0,0],"137":[0,0],"138":[0,0],"139":[0,0],"140":[0,0],"141":[0,0],"142":[0,0],"143":[0,0],"144":[0,0],"145":[0,0],"146":[0,0],"147":[0,0],"148":[0,0],"149":[0,0],"150":[0,0],"151":[0,0],"152":[0,0],"153":[0,0],"154":[0,0],"155":[0,0],"156":[0,0],"157":[0,0],"158":[0,0],"159":[0,0],"160":[0,0],"161":[0,0],"162":[0,0],"163":[0,0],"164":[0,0],"165":[0,0],"166":[0,0,0,0],"167":[0,0],"168":[0,0],"169":[0,0],"170":[0,0],"171":[1,0],"172":[1,0],"173":[0,0],"174":[0,0],"175":[0,0],"176":[0,0]},"f":{"1":3,"2":0,"3":0,"4":0,"5":0,"6":0,"7":0,"8":0,"9":0,"10":0,"11":0,"12":0,"13":0,"14":0,"15":0,"16":0,"17":0,"18":0,"19":55,"20":0,"21":0,"22":0,"23":16,"24":0,"25":0,"26":0,"27":0,"28":19,"29":0,"30":0,"31":0,"32":0,"33":0,"34":0,"35":0,"36":0,"37":0,"38":0,"39":0,"40":0,"41":0,"42":0,"43":0,"44":0,"45":1,"46":0,"47":0,"48":1,"49":13,"50":1,"51":0,"52":0,"53":0,"54":1,"55":0,"56":0,"57":0,"58":0,"59":0,"60":0,"61":0,"62":0,"63":1,"64":0,"65":0,"66":0,"67":0,"68":0,"69":0,"70":0,"71":0,"72":0,"73":0,"74":0,"75":0,"76":0,"77":0,"78":0,"79":0,"80":0,"81":0,"82":1,"83":0,"84":0,"85":0,"86":2,"87":0,"88":0,"89":1,"90":0,"91":0,"92":0,"93":0,"94":0,"95":0,"96":0,"97":0,"98":0,"99":0,"100":0,"101":0,"102":0,"103":0,"104":0,"105":1,"106":0,"107":0,"108":1,"109":0,"110":0,"111":0,"112":0,"113":0,"114":0,"115":0,"116":0,"117":0,"118":1,"119":0,"120":0,"121":0,"122":0,"123":0,"124":0,"125":0,"126":0,"127":0,"128":0,"129":0,"130":0,"131":0,"132":0,"133":0,"134":0,"135":0,"136":0,"137":0,"138":1,"139":0,"140":1,"141":0,"142":0,"143":0,"144":0,"145":0,"146":0,"147":0,"148":0,"149":1,"150":0,"151":0,"152":0,"153":12},"fnMap":{"1":{"name":"_interopDefault","line":3,"loc":{"start":{"line":3,"column":0},"end":{"line":3,"column":30}}},"2":{"name":"isWrapperType","line":17,"loc":{"start":{"line":17,"column":0},"end":{"line":17,"column":28}}},"3":{"name":"convertPropertyName","line":24,"loc":{"start":{"line":24,"column":0},"end":{"line":24,"column":35}}},"4":{"name":"(anonymous_4)","line":40,"loc":{"start":{"line":40,"column":16},"end":{"line":40,"column":31}}},"5":{"name":"format","line":45,"loc":{"start":{"line":45,"column":0},"end":{"line":45,"column":29}}},"6":{"name":"formatProp","line":49,"loc":{"start":{"line":49,"column":0},"end":{"line":49,"column":27}}},"7":{"name":"AssertionError","line":67,"loc":{"start":{"line":67,"column":0},"end":{"line":67,"column":33}}},"8":{"name":"(anonymous_8)","line":72,"loc":{"start":{"line":72,"column":13},"end":{"line":72,"column":24}}},"9":{"name":"prependIndent","line":112,"loc":{"start":{"line":112,"column":0},"end":{"line":112,"column":29}}},"10":{"name":"indentLines","line":116,"loc":{"start":{"line":116,"column":0},"end":{"line":116,"column":27}}},"11":{"name":"(anonymous_11)","line":128,"loc":{"start":{"line":128,"column":11},"end":{"line":128,"column":22}}},"12":{"name":"LightAssertionError","line":151,"loc":{"start":{"line":151,"column":0},"end":{"line":151,"column":38}}},"13":{"name":"(anonymous_13)","line":156,"loc":{"start":{"line":156,"column":11},"end":{"line":156,"column":22}}},"14":{"name":"Assertion","line":179,"loc":{"start":{"line":179,"column":0},"end":{"line":179,"column":24}}},"15":{"name":"(anonymous_15)","line":216,"loc":{"start":{"line":216,"column":10},"end":{"line":216,"column":25}}},"16":{"name":"(anonymous_16)","line":257,"loc":{"start":{"line":257,"column":8},"end":{"line":257,"column":19}}},"17":{"name":"PromisedAssertion","line":270,"loc":{"start":{"line":270,"column":0},"end":{"line":270,"column":38}}},"18":{"name":"(anonymous_18)","line":280,"loc":{"start":{"line":280,"column":35},"end":{"line":280,"column":61}}},"19":{"name":"(anonymous_19)","line":304,"loc":{"start":{"line":304,"column":16},"end":{"line":304,"column":37}}},"20":{"name":"(anonymous_20)","line":308,"loc":{"start":{"line":308,"column":11},"end":{"line":308,"column":22}}},"21":{"name":"(anonymous_21)","line":363,"loc":{"start":{"line":363,"column":11},"end":{"line":363,"column":22}}},"22":{"name":"(anonymous_22)","line":365,"loc":{"start":{"line":365,"column":31},"end":{"line":365,"column":43}}},"23":{"name":"(anonymous_23)","line":382,"loc":{"start":{"line":382,"column":21},"end":{"line":382,"column":44}}},"24":{"name":"(anonymous_24)","line":383,"loc":{"start":{"line":383,"column":21},"end":{"line":383,"column":32}}},"25":{"name":"(anonymous_25)","line":385,"loc":{"start":{"line":385,"column":9},"end":{"line":385,"column":20}}},"26":{"name":"(anonymous_26)","line":395,"loc":{"start":{"line":395,"column":9},"end":{"line":395,"column":20}}},"27":{"name":"(anonymous_27)","line":396,"loc":{"start":{"line":396,"column":31},"end":{"line":396,"column":43}}},"28":{"name":"(anonymous_28)","line":416,"loc":{"start":{"line":416,"column":18},"end":{"line":416,"column":37}}},"29":{"name":"(anonymous_29)","line":436,"loc":{"start":{"line":436,"column":26},"end":{"line":436,"column":37}}},"30":{"name":"(anonymous_30)","line":448,"loc":{"start":{"line":448,"column":26},"end":{"line":448,"column":37}}},"31":{"name":"(anonymous_31)","line":461,"loc":{"start":{"line":461,"column":27},"end":{"line":461,"column":38}}},"32":{"name":"fail","line":516,"loc":{"start":{"line":516,"column":0},"end":{"line":516,"column":71}}},"33":{"name":"ok","line":545,"loc":{"start":{"line":545,"column":0},"end":{"line":545,"column":28}}},"34":{"name":"equal","line":565,"loc":{"start":{"line":565,"column":15},"end":{"line":565,"column":57}}},"35":{"name":"notEqual","line":582,"loc":{"start":{"line":582,"column":18},"end":{"line":582,"column":63}}},"36":{"name":"deepEqual","line":601,"loc":{"start":{"line":601,"column":19},"end":{"line":601,"column":65}}},"37":{"name":"notDeepEqual","line":621,"loc":{"start":{"line":621,"column":22},"end":{"line":621,"column":71}}},"38":{"name":"strictEqual","line":638,"loc":{"start":{"line":638,"column":21},"end":{"line":638,"column":69}}},"39":{"name":"notStrictEqual","line":655,"loc":{"start":{"line":655,"column":24},"end":{"line":655,"column":75}}},"40":{"name":"expectedException","line":661,"loc":{"start":{"line":661,"column":0},"end":{"line":661,"column":45}}},"41":{"name":"_throws","line":677,"loc":{"start":{"line":677,"column":0},"end":{"line":677,"column":56}}},"42":{"name":"(anonymous_42)","line":718,"loc":{"start":{"line":718,"column":16},"end":{"line":718,"column":52}}},"43":{"name":"(anonymous_43)","line":731,"loc":{"start":{"line":731,"column":22},"end":{"line":731,"column":51}}},"44":{"name":"(anonymous_44)","line":742,"loc":{"start":{"line":742,"column":17},"end":{"line":742,"column":31}}},"45":{"name":"(anonymous_45)","line":755,"loc":{"start":{"line":755,"column":23},"end":{"line":755,"column":40}}},"46":{"name":"(anonymous_46)","line":783,"loc":{"start":{"line":783,"column":33},"end":{"line":783,"column":52}}},"47":{"name":"(anonymous_47)","line":807,"loc":{"start":{"line":807,"column":41},"end":{"line":807,"column":60}}},"48":{"name":"(anonymous_48)","line":823,"loc":{"start":{"line":823,"column":22},"end":{"line":823,"column":50}}},"49":{"name":"(anonymous_49)","line":844,"loc":{"start":{"line":844,"column":100},"end":{"line":844,"column":115}}},"50":{"name":"(anonymous_50)","line":856,"loc":{"start":{"line":856,"column":24},"end":{"line":856,"column":52}}},"51":{"name":"(anonymous_51)","line":872,"loc":{"start":{"line":872,"column":24},"end":{"line":872,"column":42}}},"52":{"name":"(anonymous_52)","line":891,"loc":{"start":{"line":891,"column":25},"end":{"line":891,"column":43}}},"53":{"name":"(anonymous_53)","line":913,"loc":{"start":{"line":913,"column":22},"end":{"line":913,"column":33}}},"54":{"name":"(anonymous_54)","line":927,"loc":{"start":{"line":927,"column":23},"end":{"line":927,"column":51}}},"55":{"name":"(anonymous_55)","line":939,"loc":{"start":{"line":939,"column":23},"end":{"line":939,"column":34}}},"56":{"name":"(anonymous_56)","line":956,"loc":{"start":{"line":956,"column":28},"end":{"line":956,"column":39}}},"57":{"name":"(anonymous_57)","line":977,"loc":{"start":{"line":977,"column":26},"end":{"line":977,"column":63}}},"58":{"name":"(anonymous_58)","line":996,"loc":{"start":{"line":996,"column":33},"end":{"line":996,"column":69}}},"59":{"name":"(anonymous_59)","line":1015,"loc":{"start":{"line":1015,"column":25},"end":{"line":1015,"column":50}}},"60":{"name":"(anonymous_60)","line":1034,"loc":{"start":{"line":1034,"column":25},"end":{"line":1034,"column":50}}},"61":{"name":"(anonymous_61)","line":1057,"loc":{"start":{"line":1057,"column":32},"end":{"line":1057,"column":57}}},"62":{"name":"(anonymous_62)","line":1077,"loc":{"start":{"line":1077,"column":32},"end":{"line":1077,"column":57}}},"63":{"name":"(anonymous_63)","line":1095,"loc":{"start":{"line":1095,"column":21},"end":{"line":1095,"column":49}}},"64":{"name":"(anonymous_64)","line":1102,"loc":{"start":{"line":1102,"column":26},"end":{"line":1102,"column":37}}},"65":{"name":"(anonymous_65)","line":1115,"loc":{"start":{"line":1115,"column":29},"end":{"line":1115,"column":40}}},"66":{"name":"(anonymous_66)","line":1131,"loc":{"start":{"line":1131,"column":24},"end":{"line":1131,"column":52}}},"67":{"name":"(anonymous_67)","line":1146,"loc":{"start":{"line":1146,"column":30},"end":{"line":1146,"column":65}}},"68":{"name":"(anonymous_68)","line":1160,"loc":{"start":{"line":1160,"column":28},"end":{"line":1160,"column":39}}},"69":{"name":"(anonymous_69)","line":1172,"loc":{"start":{"line":1172,"column":26},"end":{"line":1172,"column":37}}},"70":{"name":"(anonymous_70)","line":1184,"loc":{"start":{"line":1184,"column":26},"end":{"line":1184,"column":37}}},"71":{"name":"(anonymous_71)","line":1196,"loc":{"start":{"line":1196,"column":25},"end":{"line":1196,"column":36}}},"72":{"name":"(anonymous_72)","line":1208,"loc":{"start":{"line":1208,"column":27},"end":{"line":1208,"column":38}}},"73":{"name":"(anonymous_73)","line":1220,"loc":{"start":{"line":1220,"column":25},"end":{"line":1220,"column":36}}},"74":{"name":"(anonymous_74)","line":1232,"loc":{"start":{"line":1232,"column":24},"end":{"line":1232,"column":35}}},"75":{"name":"(anonymous_75)","line":1245,"loc":{"start":{"line":1245,"column":24},"end":{"line":1245,"column":35}}},"76":{"name":"(anonymous_76)","line":1260,"loc":{"start":{"line":1260,"column":25},"end":{"line":1260,"column":39}}},"77":{"name":"(anonymous_77)","line":1275,"loc":{"start":{"line":1275,"column":29},"end":{"line":1275,"column":40}}},"78":{"name":"(anonymous_78)","line":1290,"loc":{"start":{"line":1290,"column":28},"end":{"line":1290,"column":39}}},"79":{"name":"(anonymous_79)","line":1303,"loc":{"start":{"line":1303,"column":28},"end":{"line":1303,"column":39}}},"80":{"name":"(anonymous_80)","line":1315,"loc":{"start":{"line":1315,"column":29},"end":{"line":1315,"column":40}}},"81":{"name":"formatEqlResult","line":1331,"loc":{"start":{"line":1331,"column":0},"end":{"line":1331,"column":34}}},"82":{"name":"(anonymous_82)","line":1338,"loc":{"start":{"line":1338,"column":25},"end":{"line":1338,"column":53}}},"83":{"name":"(anonymous_83)","line":1361,"loc":{"start":{"line":1361,"column":23},"end":{"line":1361,"column":50}}},"84":{"name":"(anonymous_84)","line":1365,"loc":{"start":{"line":1365,"column":36},"end":{"line":1365,"column":51}}},"85":{"name":"(anonymous_85)","line":1390,"loc":{"start":{"line":1390,"column":25},"end":{"line":1390,"column":52}}},"86":{"name":"addOneOf","line":1401,"loc":{"start":{"line":1401,"column":2},"end":{"line":1401,"column":43}}},"87":{"name":"(anonymous_87)","line":1402,"loc":{"start":{"line":1402,"column":24},"end":{"line":1402,"column":39}}},"88":{"name":"(anonymous_88)","line":1414,"loc":{"start":{"line":1414,"column":39},"end":{"line":1414,"column":53}}},"89":{"name":"(anonymous_89)","line":1468,"loc":{"start":{"line":1468,"column":24},"end":{"line":1468,"column":55}}},"90":{"name":"(anonymous_90)","line":1481,"loc":{"start":{"line":1481,"column":30},"end":{"line":1481,"column":41}}},"91":{"name":"Assertion$fulfilled","line":1508,"loc":{"start":{"line":1508,"column":37},"end":{"line":1508,"column":68}}},"92":{"name":"next$onResolve","line":1514,"loc":{"start":{"line":1514,"column":25},"end":{"line":1514,"column":56}}},"93":{"name":"next$onReject","line":1519,"loc":{"start":{"line":1519,"column":7},"end":{"line":1519,"column":35}}},"94":{"name":"(anonymous_94)","line":1547,"loc":{"start":{"line":1547,"column":36},"end":{"line":1547,"column":47}}},"95":{"name":"(anonymous_95)","line":1553,"loc":{"start":{"line":1553,"column":25},"end":{"line":1553,"column":41}}},"96":{"name":"next$onError","line":1562,"loc":{"start":{"line":1562,"column":7},"end":{"line":1562,"column":34}}},"97":{"name":"(anonymous_97)","line":1590,"loc":{"start":{"line":1590,"column":41},"end":{"line":1590,"column":65}}},"98":{"name":"(anonymous_98)","line":1596,"loc":{"start":{"line":1596,"column":25},"end":{"line":1596,"column":41}}},"99":{"name":"next$onError","line":1602,"loc":{"start":{"line":1602,"column":7},"end":{"line":1602,"column":34}}},"100":{"name":"(anonymous_100)","line":1637,"loc":{"start":{"line":1637,"column":40},"end":{"line":1637,"column":70}}},"101":{"name":"(anonymous_101)","line":1643,"loc":{"start":{"line":1643,"column":25},"end":{"line":1643,"column":41}}},"102":{"name":"next$onError","line":1648,"loc":{"start":{"line":1648,"column":7},"end":{"line":1648,"column":34}}},"103":{"name":"(anonymous_103)","line":1724,"loc":{"start":{"line":1724,"column":9},"end":{"line":1724,"column":20}}},"104":{"name":"(anonymous_104)","line":1729,"loc":{"start":{"line":1729,"column":49},"end":{"line":1729,"column":63}}},"105":{"name":"(anonymous_105)","line":1750,"loc":{"start":{"line":1750,"column":23},"end":{"line":1750,"column":51}}},"106":{"name":"(anonymous_106)","line":1762,"loc":{"start":{"line":1762,"column":29},"end":{"line":1762,"column":56}}},"107":{"name":"(anonymous_107)","line":1779,"loc":{"start":{"line":1779,"column":27},"end":{"line":1779,"column":54}}},"108":{"name":"(anonymous_108)","line":1793,"loc":{"start":{"line":1793,"column":24},"end":{"line":1793,"column":52}}},"109":{"name":"(anonymous_109)","line":1820,"loc":{"start":{"line":1820,"column":30},"end":{"line":1820,"column":46}}},"110":{"name":"(anonymous_110)","line":1830,"loc":{"start":{"line":1830,"column":47},"end":{"line":1830,"column":59}}},"111":{"name":"(anonymous_111)","line":1834,"loc":{"start":{"line":1834,"column":40},"end":{"line":1834,"column":61}}},"112":{"name":"(anonymous_112)","line":1859,"loc":{"start":{"line":1859,"column":38},"end":{"line":1859,"column":54}}},"113":{"name":"(anonymous_113)","line":1885,"loc":{"start":{"line":1885,"column":40},"end":{"line":1885,"column":61}}},"114":{"name":"(anonymous_114)","line":1910,"loc":{"start":{"line":1910,"column":31},"end":{"line":1910,"column":47}}},"115":{"name":"(anonymous_115)","line":1918,"loc":{"start":{"line":1918,"column":40},"end":{"line":1918,"column":60}}},"116":{"name":"(anonymous_116)","line":1919,"loc":{"start":{"line":1919,"column":49},"end":{"line":1919,"column":71}}},"117":{"name":"(anonymous_117)","line":1937,"loc":{"start":{"line":1937,"column":40},"end":{"line":1937,"column":61}}},"118":{"name":"(anonymous_118)","line":1961,"loc":{"start":{"line":1961,"column":25},"end":{"line":1961,"column":53}}},"119":{"name":"(anonymous_119)","line":1975,"loc":{"start":{"line":1975,"column":42},"end":{"line":1975,"column":63}}},"120":{"name":"processPropsArgs","line":1982,"loc":{"start":{"line":1982,"column":2},"end":{"line":1982,"column":30}}},"121":{"name":"(anonymous_121)","line":2000,"loc":{"start":{"line":2000,"column":30},"end":{"line":2000,"column":50}}},"122":{"name":"(anonymous_122)","line":2014,"loc":{"start":{"line":2014,"column":31},"end":{"line":2014,"column":51}}},"123":{"name":"(anonymous_123)","line":2022,"loc":{"start":{"line":2022,"column":23},"end":{"line":2022,"column":38}}},"124":{"name":"(anonymous_124)","line":2039,"loc":{"start":{"line":2039,"column":28},"end":{"line":2039,"column":48}}},"125":{"name":"(anonymous_125)","line":2064,"loc":{"start":{"line":2064,"column":30},"end":{"line":2064,"column":46}}},"126":{"name":"(anonymous_126)","line":2080,"loc":{"start":{"line":2080,"column":18},"end":{"line":2080,"column":33}}},"127":{"name":"(anonymous_127)","line":2090,"loc":{"start":{"line":2090,"column":27},"end":{"line":2090,"column":42}}},"128":{"name":"(anonymous_128)","line":2111,"loc":{"start":{"line":2111,"column":30},"end":{"line":2111,"column":45}}},"129":{"name":"(anonymous_129)","line":2148,"loc":{"start":{"line":2148,"column":26},"end":{"line":2148,"column":51}}},"130":{"name":"(anonymous_130)","line":2167,"loc":{"start":{"line":2167,"column":31},"end":{"line":2167,"column":59}}},"131":{"name":"(anonymous_131)","line":2194,"loc":{"start":{"line":2194,"column":25},"end":{"line":2194,"column":36}}},"132":{"name":"(anonymous_132)","line":2216,"loc":{"start":{"line":2216,"column":24},"end":{"line":2216,"column":39}}},"133":{"name":"(anonymous_133)","line":2222,"loc":{"start":{"line":2222,"column":34},"end":{"line":2222,"column":48}}},"134":{"name":"(anonymous_134)","line":2242,"loc":{"start":{"line":2242,"column":23},"end":{"line":2242,"column":37}}},"135":{"name":"(anonymous_135)","line":2260,"loc":{"start":{"line":2260,"column":25},"end":{"line":2260,"column":46}}},"136":{"name":"(anonymous_136)","line":2276,"loc":{"start":{"line":2276,"column":24},"end":{"line":2276,"column":36}}},"137":{"name":"(anonymous_137)","line":2292,"loc":{"start":{"line":2292,"column":34},"end":{"line":2292,"column":55}}},"138":{"name":"(anonymous_138)","line":2323,"loc":{"start":{"line":2323,"column":22},"end":{"line":2323,"column":50}}},"139":{"name":"(anonymous_139)","line":2350,"loc":{"start":{"line":2350,"column":25},"end":{"line":2350,"column":55}}},"140":{"name":"(anonymous_140)","line":2433,"loc":{"start":{"line":2433,"column":25},"end":{"line":2433,"column":53}}},"141":{"name":"(anonymous_141)","line":2492,"loc":{"start":{"line":2492,"column":25},"end":{"line":2492,"column":54}}},"142":{"name":"(anonymous_142)","line":2504,"loc":{"start":{"line":2504,"column":47},"end":{"line":2504,"column":69}}},"143":{"name":"(anonymous_143)","line":2537,"loc":{"start":{"line":2537,"column":42},"end":{"line":2537,"column":63}}},"144":{"name":"(anonymous_144)","line":2585,"loc":{"start":{"line":2585,"column":29},"end":{"line":2585,"column":58}}},"145":{"name":"(anonymous_145)","line":2588,"loc":{"start":{"line":2588,"column":41},"end":{"line":2588,"column":57}}},"146":{"name":"(anonymous_146)","line":2614,"loc":{"start":{"line":2614,"column":28},"end":{"line":2614,"column":57}}},"147":{"name":"(anonymous_147)","line":2617,"loc":{"start":{"line":2617,"column":50},"end":{"line":2617,"column":66}}},"148":{"name":"should","line":2651,"loc":{"start":{"line":2651,"column":0},"end":{"line":2651,"column":21}}},"149":{"name":"(anonymous_149)","line":2710,"loc":{"start":{"line":2710,"column":16},"end":{"line":2710,"column":46}}},"150":{"name":"(anonymous_150)","line":2717,"loc":{"start":{"line":2717,"column":9},"end":{"line":2717,"column":20}}},"151":{"name":"(anonymous_151)","line":2719,"loc":{"start":{"line":2719,"column":9},"end":{"line":2719,"column":20}}},"152":{"name":"(anonymous_152)","line":2747,"loc":{"start":{"line":2747,"column":20},"end":{"line":2747,"column":35}}},"153":{"name":"(anonymous_153)","line":2777,"loc":{"start":{"line":2777,"column":13},"end":{"line":2777,"column":25}}}},"statementMap":{"1":{"start":{"line":3,"column":0},"end":{"line":3,"column":114}},"2":{"start":{"line":3,"column":32},"end":{"line":3,"column":112}},"3":{"start":{"line":5,"column":0},"end":{"line":5,"column":54}},"4":{"start":{"line":6,"column":0},"end":{"line":6,"column":51}},"5":{"start":{"line":7,"column":0},"end":{"line":7,"column":56}},"6":{"start":{"line":8,"column":0},"end":{"line":8,"column":57}},"7":{"start":{"line":9,"column":0},"end":{"line":9,"column":40}},"8":{"start":{"line":17,"column":0},"end":{"line":21,"column":1}},"9":{"start":{"line":18,"column":2},"end":{"line":20,"column":27}},"10":{"start":{"line":24,"column":0},"end":{"line":26,"column":1}},"11":{"start":{"line":25,"column":2},"end":{"line":25,"column":58}},"12":{"start":{"line":28,"column":0},"end":{"line":28,"column":40}},"13":{"start":{"line":37,"column":0},"end":{"line":43,"column":2}},"14":{"start":{"line":41,"column":4},"end":{"line":41,"column":49}},"15":{"start":{"line":45,"column":0},"end":{"line":47,"column":1}},"16":{"start":{"line":46,"column":2},"end":{"line":46,"column":49}},"17":{"start":{"line":49,"column":0},"end":{"line":52,"column":1}},"18":{"start":{"line":50,"column":2},"end":{"line":50,"column":40}},"19":{"start":{"line":51,"column":2},"end":{"line":51,"column":61}},"20":{"start":{"line":67,"column":0},"end":{"line":108,"column":1}},"21":{"start":{"line":68,"column":2},"end":{"line":68,"column":34}},"22":{"start":{"line":70,"column":2},"end":{"line":83,"column":3}},"23":{"start":{"line":71,"column":4},"end":{"line":82,"column":6}},"24":{"start":{"line":73,"column":10},"end":{"line":76,"column":11}},"25":{"start":{"line":74,"column":12},"end":{"line":74,"column":51}},"26":{"start":{"line":75,"column":12},"end":{"line":75,"column":41}},"27":{"start":{"line":77,"column":10},"end":{"line":77,"column":31}},"28":{"start":{"line":85,"column":2},"end":{"line":107,"column":3}},"29":{"start":{"line":86,"column":4},"end":{"line":86,"column":59}},"30":{"start":{"line":89,"column":4},"end":{"line":89,"column":26}},"31":{"start":{"line":90,"column":4},"end":{"line":106,"column":5}},"32":{"start":{"line":91,"column":6},"end":{"line":91,"column":26}},"33":{"start":{"line":93,"column":6},"end":{"line":103,"column":7}},"34":{"start":{"line":95,"column":8},"end":{"line":95,"column":60}},"35":{"start":{"line":96,"column":8},"end":{"line":96,"column":46}},"36":{"start":{"line":97,"column":8},"end":{"line":102,"column":9}},"37":{"start":{"line":100,"column":10},"end":{"line":100,"column":53}},"38":{"start":{"line":101,"column":10},"end":{"line":101,"column":45}},"39":{"start":{"line":105,"column":6},"end":{"line":105,"column":23}},"40":{"start":{"line":111,"column":0},"end":{"line":111,"column":20}},"41":{"start":{"line":112,"column":0},"end":{"line":114,"column":1}},"42":{"start":{"line":113,"column":2},"end":{"line":113,"column":23}},"43":{"start":{"line":116,"column":0},"end":{"line":118,"column":1}},"44":{"start":{"line":117,"column":2},"end":{"line":117,"column":56}},"45":{"start":{"line":122,"column":0},"end":{"line":141,"column":3}},"46":{"start":{"line":129,"column":6},"end":{"line":131,"column":7}},"47":{"start":{"line":130,"column":8},"end":{"line":130,"column":37}},"48":{"start":{"line":132,"column":6},"end":{"line":132,"column":39}},"49":{"start":{"line":133,"column":6},"end":{"line":133,"column":75}},"50":{"start":{"line":134,"column":6},"end":{"line":134,"column":87}},"51":{"start":{"line":136,"column":6},"end":{"line":136,"column":84}},"52":{"start":{"line":138,"column":6},"end":{"line":138,"column":114}},"53":{"start":{"line":151,"column":0},"end":{"line":165,"column":1}},"54":{"start":{"line":152,"column":2},"end":{"line":152,"column":34}},"55":{"start":{"line":154,"column":2},"end":{"line":164,"column":3}},"56":{"start":{"line":155,"column":4},"end":{"line":163,"column":7}},"57":{"start":{"line":157,"column":8},"end":{"line":160,"column":9}},"58":{"start":{"line":1
[...]
,"          }","        }","      } else {","        errorInfo = \" (got \" + i(err) + \")\";","      }","    }","","    this.params = { operator: 'to throw exception' + errorInfo };","","    this.assert(thrown);","    this.assert(errorMatched);","  });","","  Assertion.alias('throw', 'throwError');","};","","/*"," * should.js - assertion library"," * Copyright(c) 2010-2013 TJ Holowaychuk <tj@vision-media.ca>"," * Copyright(c) 2013-2016 Denis Bardadym <bardadymchik@gmail.com>"," * MIT Licensed"," */","","var matchingAssertions = function(should, Assertion) {","  var i = should.format;","","  /**","   * Asserts if given object match `other` object, using some assumptions:","   * First object matched if they are equal,","   * If `other` is a regexp and given object is a string check on matching with regexp","   * If `other` is a regexp and given object is an array check if all elements matched regexp","   * If `other` is a regexp and given object is an object check values on matching regexp","   * If `other` is a function check if this function throws AssertionError on given object or return false - it will be assumed as not matched","   * If `other` is an object check if the same keys matched with above rules","   * All other cases failed.","   *","   * Usually it is right idea to add pre type assertions, like `.String()` or `.Object()` to be sure assertions will do what you are expecting.","   * Object iteration happen by keys (properties with enumerable: true), thus some objects can cause small pain. Typical example is js","   * Error - it by default has 2 properties `name` and `message`, but they both non-enumerable. In this case make sure you specify checking props (see examples).","   *","   * @name match","   * @memberOf Assertion","   * @category assertion matching","   * @param {*} other Object to match","   * @param {string} [description] Optional message","   * @example","   * 'foobar'.should.match(/^foo/);","   * 'foobar'.should.not.match(/^bar/);","   *","   * ({ a: 'foo', c: 'barfoo' }).should.match(/foo$/);","   *","   * ['a', 'b', 'c'].should.match(/[a-z]/);","   *","   * (5).should.not.match(function(n) {","   *   return n < 0;","   * });","   * (5).should.not.match(function(it) {","   *    it.should.be.an.Array();","   * });","   * ({ a: 10, b: 'abc', c: { d: 10 }, d: 0 }).should","   * .match({ a: 10, b: /c$/, c: function(it) {","   *    return it.should.have.property('d', 10);","   * }});","   *","   * [10, 'abc', { d: 10 }, 0].should","   * .match({ '0': 10, '1': /c$/, '2': function(it) {","   *    return it.should.have.property('d', 10);","   * }});","   *","   * var myString = 'abc';","   *","   * myString.should.be.a.String().and.match(/abc/);","   *","   * myString = {};","   *","   * myString.should.match(/abc/); //yes this will pass","   * //better to do","   * myString.should.be.an.Object().and.not.empty().and.match(/abc/);//fixed","   *","   * (new Error('boom')).should.match(/abc/);//passed because no keys","   * (new Error('boom')).should.not.match({ message: /abc/ });//check specified property","   */","  Assertion.add('match', function(other, description) {","    this.params = {operator: 'to match ' + i(other), message: description};","","    if (eql(this.obj, other).length !== 0) {","      if (other instanceof RegExp) { // something - regex","","        if (typeof this.obj == 'string') {","","          this.assert(other.exec(this.obj));","        } else if (null != this.obj && typeof this.obj == 'object') {","","          var notMatchedProps = [], matchedProps = [];","          shouldTypeAdaptors.forEach(this.obj, function(value, name) {","            if (other.exec(value)) {","              matchedProps.push(formatProp(name));","            } else {","              notMatchedProps.push(formatProp(name) + ' (' + i(value) + ')');","            }","          }, this);","","          if (notMatchedProps.length) {","            this.params.operator += '\\n    not matched properties: ' + notMatchedProps.join(', ');","          }","          if (matchedProps.length) {","            this.params.operator += '\\n    matched properties: ' + matchedProps.join(', ');","          }","","          this.assert(notMatchedProps.length === 0);","        } // should we try to convert to String and exec?","        else {","          this.assert(false);","        }","      } else if (typeof other == 'function') {","        var res;","","        res = other(this.obj);","","        //if we throw exception ok - it is used .should inside","        if (typeof res == 'boolean') {","          this.assert(res); // if it is just boolean function assert on it","        }","      } else if (other != null && this.obj != null && typeof other == 'object' && typeof this.obj == 'object') { // try to match properties (for Object and Array)","        notMatchedProps = [];","        matchedProps = [];","","        shouldTypeAdaptors.forEach(other, function(value, key) {","          try {","            should(this.obj).have.property(key).which.match(value);","            matchedProps.push(formatProp(key));","          } catch (e) {","            if (e instanceof should.AssertionError) {","              notMatchedProps.push(formatProp(key) + ' (' + i(this.obj[key]) + ')');","            } else {","              throw e;","            }","          }","        }, this);","","        if (notMatchedProps.length) {","          this.params.operator += '\\n    not matched properties: ' + notMatchedProps.join(', ');","        }","        if (matchedProps.length) {","          this.params.operator += '\\n    matched properties: ' + matchedProps.join(', ');","        }","","        this.assert(notMatchedProps.length === 0);","      } else {","        this.assert(false);","      }","    }","  });","","  /**","   * Asserts if given object values or array elements all match `other` object, using some assumptions:","   * First object matched if they are equal,","   * If `other` is a regexp - matching with regexp","   * If `other` is a function check if this function throws AssertionError on given object or return false - it will be assumed as not matched","   * All other cases check if this `other` equal to each element","   *","   * @name matchEach","   * @memberOf Assertion","   * @category assertion matching","   * @alias Assertion#matchEvery","   * @param {*} other Object to match","   * @param {string} [description] Optional message","   * @example","   * [ 'a', 'b', 'c'].should.matchEach(/\\w+/);","   * [ 'a', 'a', 'a'].should.matchEach('a');","   *","   * [ 'a', 'a', 'a'].should.matchEach(function(value) { value.should.be.eql('a') });","   *","   * { a: 'a', b: 'a', c: 'a' }.should.matchEach(function(value) { value.should.be.eql('a') });","   */","  Assertion.add('matchEach', function(other, description) {","    this.params = {operator: 'to match each ' + i(other), message: description};","","    shouldTypeAdaptors.forEach(this.obj, function(value) {","      should(value).match(other);","    }, this);","  });","","  /**","  * Asserts if any of given object values or array elements match `other` object, using some assumptions:","  * First object matched if they are equal,","  * If `other` is a regexp - matching with regexp","  * If `other` is a function check if this function throws AssertionError on given object or return false - it will be assumed as not matched","  * All other cases check if this `other` equal to each element","  *","  * @name matchAny","  * @memberOf Assertion","  * @category assertion matching","  * @param {*} other Object to match","  * @alias Assertion#matchSome","  * @param {string} [description] Optional message","  * @example","  * [ 'a', 'b', 'c'].should.matchAny(/\\w+/);","  * [ 'a', 'b', 'c'].should.matchAny('a');","  *","  * [ 'a', 'b', 'c'].should.matchAny(function(value) { value.should.be.eql('a') });","  *","  * { a: 'a', b: 'b', c: 'c' }.should.matchAny(function(value) { value.should.be.eql('a') });","  */","  Assertion.add('matchAny', function(other, description) {","    this.params = {operator: 'to match any ' + i(other), message: description};","","    this.assert(shouldTypeAdaptors.some(this.obj, function(value) {","      try {","        should(value).match(other);","        return true;","      } catch (e) {","        if (e instanceof should.AssertionError) {","          // Caught an AssertionError, return false to the iterator","          return false;","        }","        throw e;","      }","    }));","  });","","  Assertion.alias('matchAny', 'matchSome');","  Assertion.alias('matchEach', 'matchEvery');","};","","/*"," * should.js - assertion library"," * Copyright(c) 2010-2013 TJ Holowaychuk <tj@vision-media.ca>"," * Copyright(c) 2013-2016 Denis Bardadym <bardadymchik@gmail.com>"," * MIT Licensed"," */","/**"," * Our function should"," *"," * @param {*} obj Object to assert"," * @returns {should.Assertion} Returns new Assertion for beginning assertion chain"," * @example"," *"," * var should = require('should');"," * should('abc').be.a.String();"," */","function should(obj) {","  return (new Assertion(obj));","}","","should.AssertionError = AssertionError;","should.Assertion = Assertion;","","// exposing modules dirty way","should.modules = {","  format: sformat,","  type: getType,","  equal: eql","};","should.format = format;","","/**"," * Object with configuration."," * It contains such properties:"," * * `checkProtoEql` boolean - Affect if `.eql` will check objects prototypes"," * * `plusZeroAndMinusZeroEqual` boolean - Affect if `.eql` will treat +0 and -0 as equal"," * Also it can contain options for should-format."," *"," * @type {Object}"," * @memberOf should"," * @static"," * @example"," *"," * var a = { a: 10 }, b = Object.create(null);"," * b.a = 10;"," *"," * a.should.be.eql(b);"," * //not throws"," *"," * should.config.checkProtoEql = true;"," * a.should.be.eql(b);"," * //throws AssertionError: expected { a: 10 } to equal { a: 10 } (because A and B have different prototypes)"," */","should.config = config;","","/**"," * Allow to extend given prototype with should property using given name. This getter will **unwrap** all standard wrappers like `Number`, `Boolean`, `String`."," * Using `should(obj)` is the equivalent of using `obj.should` with known issues (like nulls and method calls etc)."," *"," * To add new assertions, need to use Assertion.add method."," *"," * @param {string} [propertyName] Name of property to add. Default is `'should'`."," * @param {Object} [proto] Prototype to extend with. Default is `Object.prototype`."," * @memberOf should"," * @returns {{ name: string, descriptor: Object, proto: Object }} Descriptor enough to return all back"," * @static"," * @example"," *"," * var prev = should.extend('must', Object.prototype);"," *"," * 'abc'.must.startWith('a');"," *"," * var should = should.noConflict(prev);"," * should.not.exist(Object.prototype.must);"," */","should.extend = function(propertyName, proto) {","  propertyName = propertyName || 'should';","  proto = proto || Object.prototype;","","  var prevDescriptor = Object.getOwnPropertyDescriptor(proto, propertyName);","","  Object.defineProperty(proto, propertyName, {","    set: function() {","    },","    get: function() {","      return should(isWrapperType(this) ? this.valueOf() : this);","    },","    configurable: true","  });","","  return { name: propertyName, descriptor: prevDescriptor, proto: proto };","};","","/**"," * Delete previous extension. If `desc` missing it will remove default extension."," *"," * @param {{ name: string, descriptor: Object, proto: Object }} [desc] Returned from `should.extend` object"," * @memberOf should"," * @returns {Function} Returns should function"," * @static"," * @example"," *"," * var should = require('should').noConflict();"," *"," * should(Object.prototype).not.have.property('should');"," *"," * var prev = should.extend('must', Object.prototype);"," * 'abc'.must.startWith('a');"," * should.noConflict(prev);"," *"," * should(Object.prototype).not.have.property('must');"," */","should.noConflict = function(desc) {","  desc = desc || should._prevShould;","","  if (desc) {","    delete desc.proto[desc.name];","","    if (desc.descriptor) {","      Object.defineProperty(desc.proto, desc.name, desc.descriptor);","    }","  }","  return should;","};","","/**"," * Simple utility function for a bit more easier should assertion extension"," * @param {Function} f So called plugin function. It should accept 2 arguments: `should` function and `Assertion` constructor"," * @memberOf should"," * @returns {Function} Returns `should` function"," * @static"," * @example"," *"," * should.use(function(should, Assertion) {"," *   Assertion.add('asset', function() {"," *      this.params = { operator: 'to be asset' };"," *"," *      this.obj.should.have.property('id').which.is.a.Number();"," *      this.obj.should.have.property('path');"," *  })"," * })"," */","should.use = function(f) {","  f(should, should.Assertion);","  return this;","};","","should","  .use(assertExtensions)","  .use(chainAssertions)","  .use(booleanAssertions)","  .use(numberAssertions)","  .use(equalityAssertions)","  .use(typeAssertions)","  .use(stringAssertions)","  .use(propertyAssertions)","  .use(errorAssertions)","  .use(matchingAssertions)","  .use(containAssertions)","  .use(promiseAssertions);","","module.exports = should;",""],"l":{"3":3,"5":1,"6":1,"7":1,"8":1,"9":1,"17":1,"18":0,"24":1,"25":0,"28":1,"37":1,"41":0,"45":1,"46":0,"49":1,"50":0,"51":0,"67":1,"68":0,"70":0,"71":0,"73":0,"74":0,"75":0,"77":0,"85":0,"86":0,"89":0,"90":0,"91":0,"93":0,"95":0,"96":0,"97":0,"100":0,"101":0,"105":0,"111":1,"112":1,"113":0,"116":1,"117":0,"122":1,"129":0,"130":0,"132":0,"133":0,"134":0,"136":0,"138":0,"151":1,"152":0,"154":0,"155":0,"157":0,"158":0,"159":0,"161":0,"167":1,"179":1,"180":0,"182":0,"183":0,"185":0,"188":1,"217":0,"218":0,"221":0,"223":0,"224":0,"225":0,"226":0,"229":0,"230":0,"232":0,"234":0,"235":0,"237":0,"258":0,"270":1,"271":0,"280":1,"281":0,"304":1,"305":55,"309":0,"310":0,"311":0,"313":0,"315":0,"316":0,"319":0,"321":0,"322":0,"323":0,"324":0,"327":0,"328":0,"332":0,"334":0,"335":0,"338":0,"342":0,"343":0,"344":0,"346":0,"347":0,"351":0,"352":0,"354":0,"355":0,"356":0,"360":55,"364":0,"365":0,"366":0,"369":0,"382":1,"383":16,"384":16,"386":0,"387":0,"392":16,"396":0,"397":0,"400":0,"416":1,"417":19,"418":19,"419":0,"421":19,"423":19,"424":19,"425":18,"436":1,"437":0,"448":1,"449":0,"461":1,"462":0,"494":1,"500":1,"516":1,"517":0,"518":0,"525":0,"529":1,"545":1,"546":0,"547":0,"550":1,"565":1,"566":0,"567":0,"582":1,"583":0,"584":0,"601":1,"602":0,"603":0,"621":1,"622":0,"623":0,"638":1,"639":0,"640":0,"655":1,"656":0,"657":0,"661":1,"662":0,"663":0,"666":0,"667":0,"668":0,"669":0,"670":0,"671":0,"674":0,"677":1,"678":0,"680":0,"681":0,"682":0,"685":0,"686":0,"688":0,"691":0,"694":0,"695":0,"698":0,"699":0,"702":0,"703":0,"718":1,"719":0,"731":1,"732":0,"742":1,"743":0,"744":0,"755":1,"756":1,"767":1,"783":1,"784":0,"785":0,"791":1,"807":1,"808":0,"809":0,"823":1,"844":1,"845":13,"856":1,"872":1,"873":0,"876":1,"891":1,"892":0,"895":1,"913":1,"914":0,"916":0,"927":1,"939":1,"940":0,"942":0,"956":1,"957":0,"959":0,"977":1,"978":0,"980":0,"996":1,"997":0,"999":0,"1015":1,"1016":0,"1018":0,"1034":1,"1035":0,"1037":0,"1040":1,"1041":1,"1057":1,"1058":0,"1060":0,"1077":1,"1078":0,"1080":0,"1083":1,"1084":1,"1095":1,"1102":1,"1103":0,"1105":0,"1115":1,"1116":0,"1118":0,"1121":1,"1131":1,"1132":0,"1134":0,"1146":1,"1147":0,"1149":0,"1152":1,"1160":1,"1161":0,"1163":0,"1172":1,"1173":0,"1175":0,"1184":1,"1185":0,"1187":0,"1196":1,"1197":0,"1199":0,"1208":1,"1209":0,"1211":0,"1220":1,"1221":0,"1223":0,"1232":1,"1233":0,"1235":0,"1245":1,"1246":0,"1248":0,"1251":1,"1260":1,"1261":0,"1263":0,"1266":1,"1275":1,"1276":0,"1278":0,"1281":1,"1290":1,"1291":0,"1293":0,"1303":1,"1304":0,"1306":0,"1315":1,"1316":0,"1318":0,"1331":1,"1332":0,"1338":1,"1361":1,"1362":0,"1363":0,"1364":0,"1365":0,"1366":0,"1369":0,"1371":0,"1390":1,"1391":0,"1393":0,"1395":0,"1398":1,"1399":1,"1401":1,"1402":2,"1403":0,"1404":0,"1406":0,"1409":0,"1411":0,"1412":0,"1414":0,"1415":0,"1416":0,"1417":0,"1418":0,"1420":0,"1421":0,"1423":0,"1427":0,"1443":1,"1457":1,"1468":1,"1481":1,"1482":0,"1484":0,"1486":0,"1508":1,"1509":0,"1511":0,"1513":0,"1514":0,"1515":0,"1516":0,"1518":0,"1520":0,"1521":0,"1522":0,"1524":0,"1547":1,"1548":0,"1550":0,"1552":0,"1553":0,"1554":0,"1555":0,"1556":0,"1557":0,"1559":0,"1561":0,"1563":0,"1564":0,"1566":0,"1590":1,"1591":0,"1593":0,"1595":0,"1596":0,"1597":0,"1598":0,"1600":0,"1601":0,"1603":0,"1604":0,"1605":0,"1607":0,"1637":1,"1638":0,"1640":0,"1642":0,"1643":0,"1644":0,"1645":0,"1647":0,"1649":0,"1650":0,"1653":0,"1654":0,"1656":0,"1657":0,"1658":0,"1659":0,"1660":0,"1661":0,"1662":0,"1663":0,"1664":0,"1666":0,"1667":0,"1668":0,"1670":0,"1675":0,"1676":0,"1677":0,"1678":0,"1679":0,"1681":0,"1682":0,"1683":0,"1685":0,"1686":0,"1687":0,"1689":0,"1694":0,"1696":0,"1698":0,"1723":1,"1725":0,"1727":0,"1729":0,"1730":0,"1732":0,"1733":0,"1735":0,"1740":1,"1750":1,"1762":1,"1763":0,"1765":0,"1779":1,"1780":0,"1782":0,"1793":1,"1794":1,"1820":1,"1821":0,"1823":0,"1825":0,"1827":0,"1828":0,"1829":0,"1830":0,"1831":0,"1834":0,"1835":0,"1859":1,"1860":0,"1862":0,"1863":0,"1864":0,"1865":0,"1866":0,"1867":0,"1869":0,"1870":0,"1871":0,"1872":0,"1873":0,"1874":0,"1876":0,"1877":0,"1880":0,"1883":0,"1884":0,"1885":0,"1886":0,"1890":0,"1891":0,"1894":0,"1910":1,"1911":0,"1913":0,"1914":0,"1915":0,"1916":0,"1917":0,"1918":0,"1919":0,"1920":0,"1921":0,"1924":0,"1925":0,"1926":0,"1927":0,"1929":0,"1930":0,"1932":0,"1936":0,"1937":0,"1938":0,"1942":0,"1943":0,"1946":0,"1959":1,"1961":1,"1962":1,"1975":1,"1976":0,"1977":0,"1978":0,"1979":0,"1982":1,"1983":0,"1984":0,"1985":0,"1987":0,"1988":0,"1989":0,"1990":0,"1991":0,"1993":0,"1994":0,"1997":0,"2000":1,"2001":0,"2003":0,"2007":0,"2008":0,"2009":0,"2011":0,"2014":1,"2015":0,"2017":0,"2021":0,"2022":0,"2023":0,"2039":1,"2040":0,"2041":0,"2042":0,"2043":0,"2044":0,"2046":0,"2048":0,"2064":1,"2065":0,"2066":0,"2067":0,"2068":0,"2069":0,"2070":0,"2072":0,"2073":0,"2077":0,"2080":0,"2081":0,"2082":0,"2086":0,"2087":0,"2088":0,"2089":0,"2090":0,"2091":0,"2095":0,"2098":0,"2102":0,"2105":0,"2106":0,"2107":0,"2108":0,"2111":0,"2112":0,"2113":0,"2114":0,"2116":0,"2120":0,"2121":0,"2124":0,"2127":0,"2131":0,"2148":1,"2149":0,"2152":1,"2167":1,"2168":0,"2169":0,"2175":0,"2177":0,"2180":1,"2194":1,"2195":0,"2196":0,"2216":1,"2217":0,"2219":0,"2222":0,"2223":0,"2226":0,"2228":0,"2230":0,"2231":0,"2234":0,"2236":0,"2237":0,"2242":1,"2243":0,"2244":0,"2260":1,"2261":0,"2276":1,"2277":0,"2278":0,"2292":1,"2293":0,"2295":0,"2297":0,"2299":0,"2301":0,"2303":0,"2304":0,"2305":0,"2306":0,"2307":0,"2308":0,"2311":0,"2313":0,"2323":1,"2324":1,"2350":1,"2351":0,"2352":0,"2353":0,"2354":0,"2356":0,"2357":0,"2358":0,"2359":0,"2362":0,"2364":0,"2366":0,"2367":0,"2369":0,"2370":0,"2373":0,"2374":0,"2375":0,"2376":0,"2377":0,"2378":0,"2379":0,"2380":0,"2381":0,"2382":0,"2383":0,"2385":0,"2386":0,"2387":0,"2389":0,"2394":0,"2395":0,"2396":0,"2397":0,"2398":0,"2400":0,"2401":0,"2402":0,"2404":0,"2405":0,"2406":0,"2408":0,"2413":0,"2417":0,"2419":0,"2420":0,"2423":1,"2433":1,"2434":1,"2492":1,"2493":0,"2495":0,"2496":0,"2498":0,"2500":0,"2501":0,"2503":0,"2504":0,"2505":0,"2506":0,"2508":0,"2512":0,"2513":0,"2515":0,"2516":0,"2519":0,"2522":0,"2524":0,"2525":0,"2527":0,"2530":0,"2531":0,"2533":0,"2534":0,"2535":0,"2537":0,"2538":0,"2539":0,"2540":0,"2542":0,"2543":0,"2545":0,"2550":0,"2551":0,"2553":0,"2554":0,"2557":0,"2559":0,"2585":1,"2586":0,"2588":0,"2589":0,"2614":1,"2615":0,"2617":0,"2618":0,"2619":0,"2620":0,"2622":0,"2624":0,"2626":0,"2631":1,"2632":1,"2651":1,"2652":0,"2655":1,"2656":1,"2659":1,"2664":1,"2688":1,"2710":1,"2711":1,"2712":1,"2714":1,"2716":1,"2720":0,"2725":1,"2747":1,"2748":0,"2750":0,"2751":0,"2753":0,"2754":0,"2757":0,"2777":1,"2778":12,"2779":12,"2782":1,"2796":1}}}